Info: *******************************************************************
Info: Running Quartus Prime Shell
    Info: Version 20.1.0 Build 711 06/05/2020 SJ Lite Edition
    Info: Copyright (C) 2020  Intel Corporation. All rights reserved.
    Info: Your use of Intel Corporation's design tools, logic functions 
    Info: and other software and tools, and any partner logic 
    Info: functions, and any output files from any of the foregoing 
    Info: (including device programming or simulation files), and any 
    Info: associated documentation or information are expressly subject 
    Info: to the terms and conditions of the Intel Program License 
    Info: Subscription Agreement, the Intel Quartus Prime License Agreement,
    Info: the Intel FPGA IP License Agreement, or other applicable license
    Info: agreement, including, without limitation, that your use is for
    Info: the sole purpose of programming logic devices manufactured by
    Info: Intel and sold by Intel or its authorized distributors.  Please
    Info: refer to the applicable agreement for further details, at
    Info: https://fpgasoftware.intel.com/eula.
    Info: Processing started: Sun Feb 22 20:46:27 2026
Info: Command: quartus_sh --flow compile t5b_maze_solver
Info: Quartus(args): compile t5b_maze_solver
Info: Project Name = /home/abhinav/e_yantra/Testing/Task 4 Versions/no_parity/goat/t4_maze_runner/t5b_maze_solver
Info: Revision Name = t5b_maze_solver
Info: *******************************************************************
Info: Running Quartus Prime Analysis & Synthesis
    Info: Version 20.1.0 Build 711 06/05/2020 SJ Lite Edition
    Info: Processing started: Sun Feb 22 20:46:27 2026
Info: Command: quartus_map --read_settings_files=on --write_settings_files=off t5b_maze_solver -c t5b_maze_solver
Warning (18236): Number of processors has not been specified which may cause overloading on shared machines.  Set the global assignment NUM_PARALLEL_PROCESSORS in your QSF to an appropriate value for best performance.
Info (20030): Parallel compilation is enabled and will use 16 of the 16 processors detected
Info (12021): Found 1 design units, including 1 entities, in source file code/wall_centering_controller.v
    Info (12023): Found entity 1: wall_centering_controller File: /home/abhinav/e_yantra/Testing/Task 4 Versions/no_parity/goat/t4_maze_runner/code/wall_centering_controller.v Line: 1
Info (12021): Found 1 design units, including 1 entities, in source file code/ultrasonic.v
    Info (12023): Found entity 1: ultrasonic File: /home/abhinav/e_yantra/Testing/Task 4 Versions/no_parity/goat/t4_maze_runner/code/ultrasonic.v Line: 1
Info (12021): Found 1 design units, including 1 entities, in source file code/uart_tx.v
    Info (12023): Found entity 1: uart_tx File: /home/abhinav/e_yantra/Testing/Task 4 Versions/no_parity/goat/t4_maze_runner/code/uart_tx.v Line: 1
Info (12021): Found 1 design units, including 1 entities, in source file code/uart_rx.v
    Info (12023): Found entity 1: uart_rx File: /home/abhinav/e_yantra/Testing/Task 4 Versions/no_parity/goat/t4_maze_runner/code/uart_rx.v Line: 1
Info (12021): Found 1 design units, including 1 entities, in source file code/t5b_maze_solver.v
    Info (12023): Found entity 1: t5b_maze_solver File: /home/abhinav/e_yantra/Testing/Task 4 Versions/no_parity/goat/t4_maze_runner/code/t5b_maze_solver.v Line: 1
Info (12021): Found 1 design units, including 1 entities, in source file code/synchronizer.v
    Info (12023): Found entity 1: synchronizer File: /home/abhinav/e_yantra/Testing/Task 4 Versions/no_parity/goat/t4_maze_runner/code/synchronizer.v Line: 1
Info (12021): Found 1 design units, including 1 entities, in source file code/quadrature_decoder.v
    Info (12023): Found entity 1: quadrature_decoder File: /home/abhinav/e_yantra/Testing/Task 4 Versions/no_parity/goat/t4_maze_runner/code/quadrature_decoder.v Line: 1
Info (12021): Found 1 design units, including 1 entities, in source file code/pwm_generator.v
    Info (12023): Found entity 1: pwm_generator File: /home/abhinav/e_yantra/Testing/Task 4 Versions/no_parity/goat/t4_maze_runner/code/pwm_generator.v Line: 2
Info (12021): Found 1 design units, including 1 entities, in source file code/pledge.v
    Info (12023): Found entity 1: pledge File: /home/abhinav/e_yantra/Testing/Task 4 Versions/no_parity/goat/t4_maze_runner/code/pledge.v Line: 3
Info (12021): Found 1 design units, including 1 entities, in source file code/pid_controller.v
    Info (12023): Found entity 1: pid_controller File: /home/abhinav/e_yantra/Testing/Task 4 Versions/no_parity/goat/t4_maze_runner/code/pid_controller.v Line: 1
Info (12021): Found 1 design units, including 1 entities, in source file code/pid.v
    Info (12023): Found entity 1: pid File: /home/abhinav/e_yantra/Testing/Task 4 Versions/no_parity/goat/t4_maze_runner/code/pid.v Line: 1
Info (12021): Found 1 design units, including 1 entities, in source file code/move_instr.v
    Info (12023): Found entity 1: move_instr File: /home/abhinav/e_yantra/Testing/Task 4 Versions/no_parity/goat/t4_maze_runner/code/move_instr.v Line: 1
Info (12021): Found 1 design units, including 1 entities, in source file code/motor_driver.v
    Info (12023): Found entity 1: motor_driver File: /home/abhinav/e_yantra/Testing/Task 4 Versions/no_parity/goat/t4_maze_runner/code/motor_driver.v Line: 1
Info (12021): Found 1 design units, including 1 entities, in source file code/frequency_scaling.v
    Info (12023): Found entity 1: frequency_scaling File: /home/abhinav/e_yantra/Testing/Task 4 Versions/no_parity/goat/t4_maze_runner/code/frequency_scaling.v Line: 2
Info (12021): Found 1 design units, including 1 entities, in source file code/bt_debug.v
    Info (12023): Found entity 1: bt_debug File: /home/abhinav/e_yantra/Testing/Task 4 Versions/no_parity/goat/t4_maze_runner/code/bt_debug.v Line: 1
Info (12021): Found 1 design units, including 1 entities, in source file code/t2a_dht.v
    Info (12023): Found entity 1: t2a_dht File: /home/abhinav/e_yantra/Testing/Task 4 Versions/no_parity/goat/t4_maze_runner/code/t2a_dht.v Line: 1
Info (12021): Found 1 design units, including 1 entities, in source file code/adc_controller.v
    Info (12023): Found entity 1: adc_controller File: /home/abhinav/e_yantra/Testing/Task 4 Versions/no_parity/goat/t4_maze_runner/code/adc_controller.v Line: 1
Info (12021): Found 1 design units, including 1 entities, in source file code/servo_control.v
    Info (12023): Found entity 1: servo_control File: /home/abhinav/e_yantra/Testing/Task 4 Versions/no_parity/goat/t4_maze_runner/code/servo_control.v Line: 1
Warning (10236): Verilog HDL Implicit Net warning at t5b_maze_solver.v(245): created implicit net for "is_spinning_sig" File: /home/abhinav/e_yantra/Testing/Task 4 Versions/no_parity/goat/t4_maze_runner/code/t5b_maze_solver.v Line: 245
Warning (10236): Verilog HDL Implicit Net warning at t5b_maze_solver.v(246): created implicit net for "is_measuring_sig" File: /home/abhinav/e_yantra/Testing/Task 4 Versions/no_parity/goat/t4_maze_runner/code/t5b_maze_solver.v Line: 246
Info (12127): Elaborating entity "t5b_maze_solver" for the top level hierarchy
Warning (10036): Verilog HDL or VHDL warning at t5b_maze_solver.v(198): object "first_move_done" assigned a value but never read File: /home/abhinav/e_yantra/Testing/Task 4 Versions/no_parity/goat/t4_maze_runner/code/t5b_maze_solver.v Line: 198
Warning (10230): Verilog HDL assignment warning at t5b_maze_solver.v(32): truncated value with size 32 to match size of target (20) File: /home/abhinav/e_yantra/Testing/Task 4 Versions/no_parity/goat/t4_maze_runner/code/t5b_maze_solver.v Line: 32
Info (12128): Elaborating entity "frequency_scaling" for hierarchy "frequency_scaling:uart_clk_gen" File: /home/abhinav/e_yantra/Testing/Task 4 Versions/no_parity/goat/t4_maze_runner/code/t5b_maze_solver.v Line: 46
Info (12128): Elaborating entity "t2a_dht" for hierarchy "t2a_dht:u_dht" File: /home/abhinav/e_yantra/Testing/Task 4 Versions/no_parity/goat/t4_maze_runner/code/t5b_maze_solver.v Line: 66
Warning (10230): Verilog HDL assignment warning at t2a_dht.v(86): truncated value with size 32 to match size of target (6) File: /home/abhinav/e_yantra/Testing/Task 4 Versions/no_parity/goat/t4_maze_runner/code/t2a_dht.v Line: 86
Warning (10034): Output port "T_decimal" at t2a_dht.v(7) has no driver File: /home/abhinav/e_yantra/Testing/Task 4 Versions/no_parity/goat/t4_maze_runner/code/t2a_dht.v Line: 7
Warning (10034): Output port "RH_decimal" at t2a_dht.v(8) has no driver File: /home/abhinav/e_yantra/Testing/Task 4 Versions/no_parity/goat/t4_maze_runner/code/t2a_dht.v Line: 8
Warning (10034): Output port "Checksum" at t2a_dht.v(9) has no driver File: /home/abhinav/e_yantra/Testing/Task 4 Versions/no_parity/goat/t4_maze_runner/code/t2a_dht.v Line: 9
Info (12128): Elaborating entity "adc_controller" for hierarchy "adc_controller:u_adc" File: /home/abhinav/e_yantra/Testing/Task 4 Versions/no_parity/goat/t4_maze_runner/code/t5b_maze_solver.v Line: 76
Warning (10230): Verilog HDL assignment warning at adc_controller.v(26): truncated value with size 32 to match size of target (4) File: /home/abhinav/e_yantra/Testing/Task 4 Versions/no_parity/goat/t4_maze_runner/code/adc_controller.v Line: 26
Warning (10240): Verilog HDL Always Construct warning at adc_controller.v(20): inferring latch(es) for variable "din_temp", which holds its previous value in one or more paths through the always construct File: /home/abhinav/e_yantra/Testing/Task 4 Versions/no_parity/goat/t4_maze_runner/code/adc_controller.v Line: 20
Warning (10764): Verilog HDL warning at adc_controller.v(66): converting signed shift amount to unsigned File: /home/abhinav/e_yantra/Testing/Task 4 Versions/no_parity/goat/t4_maze_runner/code/adc_controller.v Line: 66
Info (10041): Inferred latch for "din_temp" at adc_controller.v(20) File: /home/abhinav/e_yantra/Testing/Task 4 Versions/no_parity/goat/t4_maze_runner/code/adc_controller.v Line: 20
Info (12128): Elaborating entity "servo_control" for hierarchy "servo_control:u_servo" File: /home/abhinav/e_yantra/Testing/Task 4 Versions/no_parity/goat/t4_maze_runner/code/t5b_maze_solver.v Line: 84
Warning (10230): Verilog HDL assignment warning at servo_control.v(32): truncated value with size 32 to match size of target (16) File: /home/abhinav/e_yantra/Testing/Task 4 Versions/no_parity/goat/t4_maze_runner/code/servo_control.v Line: 32
Info (12128): Elaborating entity "uart_rx" for hierarchy "uart_rx:u_rx" File: /home/abhinav/e_yantra/Testing/Task 4 Versions/no_parity/goat/t4_maze_runner/code/t5b_maze_solver.v Line: 100
Warning (10240): Verilog HDL Always Construct warning at uart_rx.v(22): inferring latch(es) for variable "rx_parity", which holds its previous value in one or more paths through the always construct File: /home/abhinav/e_yantra/Testing/Task 4 Versions/no_parity/goat/t4_maze_runner/code/uart_rx.v Line: 22
Info (10041): Inferred latch for "rx_parity" at uart_rx.v(22) File: /home/abhinav/e_yantra/Testing/Task 4 Versions/no_parity/goat/t4_maze_runner/code/uart_rx.v Line: 22
Info (12128): Elaborating entity "synchronizer" for hierarchy "synchronizer:sync_stop_done" File: /home/abhinav/e_yantra/Testing/Task 4 Versions/no_parity/goat/t4_maze_runner/code/t5b_maze_solver.v Line: 124
Info (12128): Elaborating entity "bt_debug" for hierarchy "bt_debug:u_bt_debug" File: /home/abhinav/e_yantra/Testing/Task 4 Versions/no_parity/goat/t4_maze_runner/code/t5b_maze_solver.v Line: 170
Warning (10036): Verilog HDL or VHDL warning at bt_debug.v(63): object "already_sent_done" assigned a value but never read File: /home/abhinav/e_yantra/Testing/Task 4 Versions/no_parity/goat/t4_maze_runner/code/bt_debug.v Line: 63
Warning (10036): Verilog HDL or VHDL warning at bt_debug.v(64): object "report_delay_cnt" assigned a value but never read File: /home/abhinav/e_yantra/Testing/Task 4 Versions/no_parity/goat/t4_maze_runner/code/bt_debug.v Line: 64
Warning (10036): Verilog HDL or VHDL warning at bt_debug.v(65): object "last_valid_move" assigned a value but never read File: /home/abhinav/e_yantra/Testing/Task 4 Versions/no_parity/goat/t4_maze_runner/code/bt_debug.v Line: 65
Warning (10036): Verilog HDL or VHDL warning at bt_debug.v(66): object "report_pending" assigned a value but never read File: /home/abhinav/e_yantra/Testing/Task 4 Versions/no_parity/goat/t4_maze_runner/code/bt_debug.v Line: 66
Warning (10230): Verilog HDL assignment warning at bt_debug.v(140): truncated value with size 32 to match size of target (6) File: /home/abhinav/e_yantra/Testing/Task 4 Versions/no_parity/goat/t4_maze_runner/code/bt_debug.v Line: 140
Warning (10230): Verilog HDL assignment warning at bt_debug.v(148): truncated value with size 8 to match size of target (4) File: /home/abhinav/e_yantra/Testing/Task 4 Versions/no_parity/goat/t4_maze_runner/code/bt_debug.v Line: 148
Warning (10230): Verilog HDL assignment warning at bt_debug.v(76): truncated value with size 32 to match size of target (8) File: /home/abhinav/e_yantra/Testing/Task 4 Versions/no_parity/goat/t4_maze_runner/code/bt_debug.v Line: 76
Warning (10230): Verilog HDL assignment warning at bt_debug.v(77): truncated value with size 32 to match size of target (8) File: /home/abhinav/e_yantra/Testing/Task 4 Versions/no_parity/goat/t4_maze_runner/code/bt_debug.v Line: 77
Warning (10230): Verilog HDL assignment warning at bt_debug.v(161): truncated value with size 32 to match size of target (6) File: /home/abhinav/e_yantra/Testing/Task 4 Versions/no_parity/goat/t4_maze_runner/code/bt_debug.v Line: 161
Warning (10230): Verilog HDL assignment warning at bt_debug.v(175): truncated value with size 32 to match size of target (6) File: /home/abhinav/e_yantra/Testing/Task 4 Versions/no_parity/goat/t4_maze_runner/code/bt_debug.v Line: 175
Warning (10230): Verilog HDL assignment warning at bt_debug.v(183): truncated value with size 32 to match size of target (8) File: /home/abhinav/e_yantra/Testing/Task 4 Versions/no_parity/goat/t4_maze_runner/code/bt_debug.v Line: 183
Warning (10230): Verilog HDL assignment warning at bt_debug.v(184): truncated value with size 32 to match size of target (8) File: /home/abhinav/e_yantra/Testing/Task 4 Versions/no_parity/goat/t4_maze_runner/code/bt_debug.v Line: 184
Warning (10230): Verilog HDL assignment warning at bt_debug.v(186): truncated value with size 32 to match size of target (8) File: /home/abhinav/e_yantra/Testing/Task 4 Versions/no_parity/goat/t4_maze_runner/code/bt_debug.v Line: 186
Warning (10230): Verilog HDL assignment warning at bt_debug.v(187): truncated value with size 32 to match size of target (8) File: /home/abhinav/e_yantra/Testing/Task 4 Versions/no_parity/goat/t4_maze_runner/code/bt_debug.v Line: 187
Warning (10230): Verilog HDL assignment warning at bt_debug.v(192): truncated value with size 32 to match size of target (6) File: /home/abhinav/e_yantra/Testing/Task 4 Versions/no_parity/goat/t4_maze_runner/code/bt_debug.v Line: 192
Warning (10230): Verilog HDL assignment warning at bt_debug.v(204): truncated value with size 32 to match size of target (6) File: /home/abhinav/e_yantra/Testing/Task 4 Versions/no_parity/goat/t4_maze_runner/code/bt_debug.v Line: 204
Warning (10230): Verilog HDL assignment warning at bt_debug.v(216): truncated value with size 32 to match size of target (6) File: /home/abhinav/e_yantra/Testing/Task 4 Versions/no_parity/goat/t4_maze_runner/code/bt_debug.v Line: 216
Warning (10230): Verilog HDL assignment warning at bt_debug.v(221): truncated value with size 32 to match size of target (6) File: /home/abhinav/e_yantra/Testing/Task 4 Versions/no_parity/goat/t4_maze_runner/code/bt_debug.v Line: 221
Warning (10230): Verilog HDL assignment warning at bt_debug.v(234): truncated value with size 32 to match size of target (12) File: /home/abhinav/e_yantra/Testing/Task 4 Versions/no_parity/goat/t4_maze_runner/code/bt_debug.v Line: 234
Info (12128): Elaborating entity "uart_tx" for hierarchy "bt_debug:u_bt_debug|uart_tx:tx_inst" File: /home/abhinav/e_yantra/Testing/Task 4 Versions/no_parity/goat/t4_maze_runner/code/bt_debug.v Line: 89
Warning (10230): Verilog HDL assignment warning at uart_tx.v(38): truncated value with size 32 to match size of target (3) File: /home/abhinav/e_yantra/Testing/Task 4 Versions/no_parity/goat/t4_maze_runner/code/uart_tx.v Line: 38
Warning (10230): Verilog HDL assignment warning at uart_tx.v(50): truncated value with size 32 to match size of target (5) File: /home/abhinav/e_yantra/Testing/Task 4 Versions/no_parity/goat/t4_maze_runner/code/uart_tx.v Line: 50
Info (12128): Elaborating entity "motor_driver" for hierarchy "motor_driver:l298n" File: /home/abhinav/e_yantra/Testing/Task 4 Versions/no_parity/goat/t4_maze_runner/code/t5b_maze_solver.v Line: 256
Warning (10036): Verilog HDL or VHDL warning at motor_driver.v(206): object "first_move_gate" assigned a value but never read File: /home/abhinav/e_yantra/Testing/Task 4 Versions/no_parity/goat/t4_maze_runner/code/motor_driver.v Line: 206
Warning (10230): Verilog HDL assignment warning at motor_driver.v(120): truncated value with size 32 to match size of target (19) File: /home/abhinav/e_yantra/Testing/Task 4 Versions/no_parity/goat/t4_maze_runner/code/motor_driver.v Line: 120
Warning (10230): Verilog HDL assignment warning at motor_driver.v(219): truncated value with size 32 to match size of target (16) File: /home/abhinav/e_yantra/Testing/Task 4 Versions/no_parity/goat/t4_maze_runner/code/motor_driver.v Line: 219
Warning (10230): Verilog HDL assignment warning at motor_driver.v(220): truncated value with size 32 to match size of target (16) File: /home/abhinav/e_yantra/Testing/Task 4 Versions/no_parity/goat/t4_maze_runner/code/motor_driver.v Line: 220
Warning (10230): Verilog HDL assignment warning at motor_driver.v(221): truncated value with size 32 to match size of target (16) File: /home/abhinav/e_yantra/Testing/Task 4 Versions/no_parity/goat/t4_maze_runner/code/motor_driver.v Line: 221
Warning (10230): Verilog HDL assignment warning at motor_driver.v(285): truncated value with size 32 to match size of target (4) File: /home/abhinav/e_yantra/Testing/Task 4 Versions/no_parity/goat/t4_maze_runner/code/motor_driver.v Line: 285
Info (10264): Verilog HDL Case Statement information at motor_driver.v(240): all case item expressions in this case statement are onehot File: /home/abhinav/e_yantra/Testing/Task 4 Versions/no_parity/goat/t4_maze_runner/code/motor_driver.v Line: 240
Info (12128): Elaborating entity "pwm_generator" for hierarchy "motor_driver:l298n|pwm_generator:pg_enal" File: /home/abhinav/e_yantra/Testing/Task 4 Versions/no_parity/goat/t4_maze_runner/code/motor_driver.v Line: 82
Info (12128): Elaborating entity "ultrasonic" for hierarchy "motor_driver:l298n|ultrasonic:us_mid" File: /home/abhinav/e_yantra/Testing/Task 4 Versions/no_parity/goat/t4_maze_runner/code/motor_driver.v Line: 85
Warning (10230): Verilog HDL assignment warning at ultrasonic.v(30): truncated value with size 32 to match size of target (16) File: /home/abhinav/e_yantra/Testing/Task 4 Versions/no_parity/goat/t4_maze_runner/code/ultrasonic.v Line: 30
Warning (10230): Verilog HDL assignment warning at ultrasonic.v(47): truncated value with size 32 to match size of target (20) File: /home/abhinav/e_yantra/Testing/Task 4 Versions/no_parity/goat/t4_maze_runner/code/ultrasonic.v Line: 47
Warning (10230): Verilog HDL assignment warning at ultrasonic.v(76): truncated value with size 32 to match size of target (22) File: /home/abhinav/e_yantra/Testing/Task 4 Versions/no_parity/goat/t4_maze_runner/code/ultrasonic.v Line: 76
Warning (10230): Verilog HDL assignment warning at ultrasonic.v(96): truncated value with size 32 to match size of target (3) File: /home/abhinav/e_yantra/Testing/Task 4 Versions/no_parity/goat/t4_maze_runner/code/ultrasonic.v Line: 96
Info (12128): Elaborating entity "ultrasonic" for hierarchy "motor_driver:l298n|ultrasonic:us_left" File: /home/abhinav/e_yantra/Testing/Task 4 Versions/no_parity/goat/t4_maze_runner/code/motor_driver.v Line: 86
Warning (10230): Verilog HDL assignment warning at ultrasonic.v(30): truncated value with size 32 to match size of target (16) File: /home/abhinav/e_yantra/Testing/Task 4 Versions/no_parity/goat/t4_maze_runner/code/ultrasonic.v Line: 30
Warning (10230): Verilog HDL assignment warning at ultrasonic.v(47): truncated value with size 32 to match size of target (20) File: /home/abhinav/e_yantra/Testing/Task 4 Versions/no_parity/goat/t4_maze_runner/code/ultrasonic.v Line: 47
Warning (10230): Verilog HDL assignment warning at ultrasonic.v(76): truncated value with size 32 to match size of target (22) File: /home/abhinav/e_yantra/Testing/Task 4 Versions/no_parity/goat/t4_maze_runner/code/ultrasonic.v Line: 76
Warning (10230): Verilog HDL assignment warning at ultrasonic.v(96): truncated value with size 32 to match size of target (3) File: /home/abhinav/e_yantra/Testing/Task 4 Versions/no_parity/goat/t4_maze_runner/code/ultrasonic.v Line: 96
Info (12128): Elaborating entity "ultrasonic" for hierarchy "motor_driver:l298n|ultrasonic:us_right" File: /home/abhinav/e_yantra/Testing/Task 4 Versions/no_parity/goat/t4_maze_runner/code/motor_driver.v Line: 87
Warning (10230): Verilog HDL assignment warning at ultrasonic.v(30): truncated value with size 32 to match size of target (16) File: /home/abhinav/e_yantra/Testing/Task 4 Versions/no_parity/goat/t4_maze_runner/code/ultrasonic.v Line: 30
Warning (10230): Verilog HDL assignment warning at ultrasonic.v(47): truncated value with size 32 to match size of target (20) File: /home/abhinav/e_yantra/Testing/Task 4 Versions/no_parity/goat/t4_maze_runner/code/ultrasonic.v Line: 47
Warning (10230): Verilog HDL assignment warning at ultrasonic.v(76): truncated value with size 32 to match size of target (22) File: /home/abhinav/e_yantra/Testing/Task 4 Versions/no_parity/goat/t4_maze_runner/code/ultrasonic.v Line: 76
Warning (10230): Verilog HDL assignment warning at ultrasonic.v(96): truncated value with size 32 to match size of target (3) File: /home/abhinav/e_yantra/Testing/Task 4 Versions/no_parity/goat/t4_maze_runner/code/ultrasonic.v Line: 96
Info (12128): Elaborating entity "wall_centering_controller" for hierarchy "motor_driver:l298n|wall_centering_controller:wcc" File: /home/abhinav/e_yantra/Testing/Task 4 Versions/no_parity/goat/t4_maze_runner/code/motor_driver.v Line: 146
Info (12128): Elaborating entity "pid_controller" for hierarchy "motor_driver:l298n|pid_controller:pid_l" File: /home/abhinav/e_yantra/Testing/Task 4 Versions/no_parity/goat/t4_maze_runner/code/motor_driver.v Line: 151
Info (12128): Elaborating entity "move_instr" for hierarchy "motor_driver:l298n|move_instr:sequencer" File: /home/abhinav/e_yantra/Testing/Task 4 Versions/no_parity/goat/t4_maze_runner/code/motor_driver.v Line: 176
Warning (10855): Verilog HDL warning at move_instr.v(42): initial value for variable flag should be constant File: /home/abhinav/e_yantra/Testing/Task 4 Versions/no_parity/goat/t4_maze_runner/code/move_instr.v Line: 42
Warning (10855): Verilog HDL warning at move_instr.v(42): initial value for variable mark should be constant File: /home/abhinav/e_yantra/Testing/Task 4 Versions/no_parity/goat/t4_maze_runner/code/move_instr.v Line: 42
Warning (10230): Verilog HDL assignment warning at move_instr.v(66): truncated value with size 32 to match size of target (7) File: /home/abhinav/e_yantra/Testing/Task 4 Versions/no_parity/goat/t4_maze_runner/code/move_instr.v Line: 66
Warning (10230): Verilog HDL assignment warning at move_instr.v(68): truncated value with size 32 to match size of target (7) File: /home/abhinav/e_yantra/Testing/Task 4 Versions/no_parity/goat/t4_maze_runner/code/move_instr.v Line: 68
Warning (10230): Verilog HDL assignment warning at move_instr.v(70): truncated value with size 32 to match size of target (7) File: /home/abhinav/e_yantra/Testing/Task 4 Versions/no_parity/goat/t4_maze_runner/code/move_instr.v Line: 70
Warning (10240): Verilog HDL Always Construct warning at move_instr.v(72): inferring latch(es) for variable "i", which holds its previous value in one or more paths through the always construct File: /home/abhinav/e_yantra/Testing/Task 4 Versions/no_parity/goat/t4_maze_runner/code/move_instr.v Line: 72
Info (278001): Inferred 8 megafunctions from design logic
    Info (278003): Inferred multiplier megafunction ("lpm_mult") from the following logic: "motor_driver:l298n|ultrasonic:us_mid|Mult0" File: /home/abhinav/e_yantra/Testing/Task 4 Versions/no_parity/goat/t4_maze_runner/code/ultrasonic.v Line: 56
    Info (278004): Inferred divider/modulo megafunction ("lpm_divide") from the following logic: "motor_driver:l298n|ultrasonic:us_right|Div0" File: /home/abhinav/e_yantra/Testing/Task 4 Versions/no_parity/goat/t4_maze_runner/code/ultrasonic.v Line: 30
    Info (278004): Inferred divider/modulo megafunction ("lpm_divide") from the following logic: "motor_driver:l298n|ultrasonic:us_left|Div0" File: /home/abhinav/e_yantra/Testing/Task 4 Versions/no_parity/goat/t4_maze_runner/code/ultrasonic.v Line: 30
    Info (278004): Inferred divider/modulo megafunction ("lpm_divide") from the following logic: "motor_driver:l298n|ultrasonic:us_mid|Div0" File: /home/abhinav/e_yantra/Testing/Task 4 Versions/no_parity/goat/t4_maze_runner/code/ultrasonic.v Line: 30
    Info (278004): Inferred divider/modulo megafunction ("lpm_divide") from the following logic: "bt_debug:u_bt_debug|Div1" File: /home/abhinav/e_yantra/Testing/Task 4 Versions/no_parity/goat/t4_maze_runner/code/bt_debug.v Line: 186
    Info (278004): Inferred divider/modulo megafunction ("lpm_divide") from the following logic: "bt_debug:u_bt_debug|Mod1" File: /home/abhinav/e_yantra/Testing/Task 4 Versions/no_parity/goat/t4_maze_runner/code/bt_debug.v Line: 187
    Info (278004): Inferred divider/modulo megafunction ("lpm_divide") from the following logic: "bt_debug:u_bt_debug|Div0" File: /home/abhinav/e_yantra/Testing/Task 4 Versions/no_parity/goat/t4_maze_runner/code/bt_debug.v Line: 183
    Info (278004): Inferred divider/modulo megafunction ("lpm_divide") from the following logic: "bt_debug:u_bt_debug|Mod0" File: /home/abhinav/e_yantra/Testing/Task 4 Versions/no_parity/goat/t4_maze_runner/code/bt_debug.v Line: 184
Info (12130): Elaborated megafunction instantiation "motor_driver:l298n|ultrasonic:us_mid|lpm_mult:Mult0" File: /home/abhinav/e_yantra/Testing/Task 4 Versions/no_parity/goat/t4_maze_runner/code/ultrasonic.v Line: 56
Info (12133): Instantiated megafunction "motor_driver:l298n|ultrasonic:us_mid|lpm_mult:Mult0" with the following parameter: File: /home/abhinav/e_yantra/Testing/Task 4 Versions/no_parity/goat/t4_maze_runner/code/ultrasonic.v Line: 56
    Info (12134): Parameter "LPM_WIDTHA" = "3"
    Info (12134): Parameter "LPM_WIDTHB" = "10"
    Info (12134): Parameter "LPM_WIDTHP" = "13"
    Info (12134): Parameter "LPM_WIDTHR" = "13"
    Info (12134): Parameter "LPM_WIDTHS" = "1"
    Info (12134): Parameter "LPM_REPRESENTATION" = "UNSIGNED"
    Info (12134): Parameter "INPUT_A_IS_CONSTANT" = "NO"
    Info (12134): Parameter "INPUT_B_IS_CONSTANT" = "YES"
    Info (12134): Parameter "MAXIMIZE_SPEED" = "6"
Info (12131): Elaborated megafunction instantiation "motor_driver:l298n|ultrasonic:us_mid|lpm_mult:Mult0|multcore:mult_core", which is child of megafunction instantiation "motor_driver:l298n|ultrasonic:us_mid|lpm_mult:Mult0" File: /home/abhinav/intelFPGA_lite/20.1/quartus/libraries/megafunctions/lpm_mult.tdf Line: 309
Info (12131): Elaborated megafunction instantiation "motor_driver:l298n|ultrasonic:us_mid|lpm_mult:Mult0|multcore:mult_core|mpar_add:padder", which is child of megafunction instantiation "motor_driver:l298n|ultrasonic:us_mid|lpm_mult:Mult0" File: /home/abhinav/intelFPGA_lite/20.1/quartus/libraries/megafunctions/multcore.tdf Line: 229
Info (12131): Elaborated megafunction instantiation "motor_driver:l298n|ultrasonic:us_mid|lpm_mult:Mult0|altshift:external_latency_ffs", which is child of megafunction instantiation "motor_driver:l298n|ultrasonic:us_mid|lpm_mult:Mult0" File: /home/abhinav/intelFPGA_lite/20.1/quartus/libraries/megafunctions/lpm_mult.tdf Line: 352
Info (12130): Elaborated megafunction instantiation "motor_driver:l298n|ultrasonic:us_right|lpm_divide:Div0" File: /home/abhinav/e_yantra/Testing/Task 4 Versions/no_parity/goat/t4_maze_runner/code/ultrasonic.v Line: 30
Info (12133): Instantiated megafunction "motor_driver:l298n|ultrasonic:us_right|lpm_divide:Div0" with the following parameter: File: /home/abhinav/e_yantra/Testing/Task 4 Versions/no_parity/goat/t4_maze_runner/code/ultrasonic.v Line: 30
    Info (12134): Parameter "LPM_WIDTHN" = "28"
    Info (12134): Parameter "LPM_WIDTHD" = "14"
    Info (12134): Parameter "LPM_NREPRESENTATION" = "UNSIGNED"
    Info (12134): Parameter "LPM_DREPRESENTATION" = "UNSIGNED"
Info (12021): Found 1 design units, including 1 entities, in source file db/lpm_divide_mkm.tdf
    Info (12023): Found entity 1: lpm_divide_mkm File: /home/abhinav/e_yantra/Testing/Task 4 Versions/no_parity/goat/t4_maze_runner/db/lpm_divide_mkm.tdf Line: 25
Info (12021): Found 1 design units, including 1 entities, in source file db/sign_div_unsign_enh.tdf
    Info (12023): Found entity 1: sign_div_unsign_enh File: /home/abhinav/e_yantra/Testing/Task 4 Versions/no_parity/goat/t4_maze_runner/db/sign_div_unsign_enh.tdf Line: 25
Info (12021): Found 1 design units, including 1 entities, in source file db/alt_u_div_gaf.tdf
    Info (12023): Found entity 1: alt_u_div_gaf File: /home/abhinav/e_yantra/Testing/Task 4 Versions/no_parity/goat/t4_maze_runner/db/alt_u_div_gaf.tdf Line: 27
Info (12021): Found 1 design units, including 1 entities, in source file db/add_sub_7pc.tdf
    Info (12023): Found entity 1: add_sub_7pc File: /home/abhinav/e_yantra/Testing/Task 4 Versions/no_parity/goat/t4_maze_runner/db/add_sub_7pc.tdf Line: 23
Info (12021): Found 1 design units, including 1 entities, in source file db/add_sub_8pc.tdf
    Info (12023): Found entity 1: add_sub_8pc File: /home/abhinav/e_yantra/Testing/Task 4 Versions/no_parity/goat/t4_maze_runner/db/add_sub_8pc.tdf Line: 23
Info (12130): Elaborated megafunction instantiation "bt_debug:u_bt_debug|lpm_divide:Div1" File: /home/abhinav/e_yantra/Testing/Task 4 Versions/no_parity/goat/t4_maze_runner/code/bt_debug.v Line: 186
Info (12133): Instantiated megafunction "bt_debug:u_bt_debug|lpm_divide:Div1" with the following parameter: File: /home/abhinav/e_yantra/Testing/Task 4 Versions/no_parity/goat/t4_maze_runner/code/bt_debug.v Line: 186
    Info (12134): Parameter "LPM_WIDTHN" = "8"
    Info (12134): Parameter "LPM_WIDTHD" = "4"
    Info (12134): Parameter "LPM_NREPRESENTATION" = "UNSIGNED"
    Info (12134): Parameter "LPM_DREPRESENTATION" = "UNSIGNED"
Info (12021): Found 1 design units, including 1 entities, in source file db/lpm_divide_jhm.tdf
    Info (12023): Found entity 1: lpm_divide_jhm File: /home/abhinav/e_yantra/Testing/Task 4 Versions/no_parity/goat/t4_maze_runner/db/lpm_divide_jhm.tdf Line: 25
Info (12021): Found 1 design units, including 1 entities, in source file db/sign_div_unsign_bkh.tdf
    Info (12023): Found entity 1: sign_div_unsign_bkh File: /home/abhinav/e_yantra/Testing/Task 4 Versions/no_parity/goat/t4_maze_runner/db/sign_div_unsign_bkh.tdf Line: 25
Info (12021): Found 1 design units, including 1 entities, in source file db/alt_u_div_a4f.tdf
    Info (12023): Found entity 1: alt_u_div_a4f File: /home/abhinav/e_yantra/Testing/Task 4 Versions/no_parity/goat/t4_maze_runner/db/alt_u_div_a4f.tdf Line: 27
Info (12130): Elaborated megafunction instantiation "bt_debug:u_bt_debug|lpm_divide:Mod1" File: /home/abhinav/e_yantra/Testing/Task 4 Versions/no_parity/goat/t4_maze_runner/code/bt_debug.v Line: 187
Info (12133): Instantiated megafunction "bt_debug:u_bt_debug|lpm_divide:Mod1" with the following parameter: File: /home/abhinav/e_yantra/Testing/Task 4 Versions/no_parity/goat/t4_maze_runner/code/bt_debug.v Line: 187
    Info (12134): Parameter "LPM_WIDTHN" = "8"
    Info (12134): Parameter "LPM_WIDTHD" = "4"
    Info (12134): Parameter "LPM_NREPRESENTATION" = "UNSIGNED"
    Info (12134): Parameter "LPM_DREPRESENTATION" = "UNSIGNED"
Info (12021): Found 1 design units, including 1 entities, in source file db/lpm_divide_m9m.tdf
    Info (12023): Found entity 1: lpm_divide_m9m File: /home/abhinav/e_yantra/Testing/Task 4 Versions/no_parity/goat/t4_maze_runner/db/lpm_divide_m9m.tdf Line: 25
Info (13000): Registers with preset signals will power-up high File: /home/abhinav/e_yantra/Testing/Task 4 Versions/no_parity/goat/t4_maze_runner/code/uart_tx.v Line: 6
Info (13003): DEV_CLRn pin will set, and not reset, register with preset signal due to NOT Gate Push-Back
Warning (13024): Output pins are stuck at VCC or GND
    Warning (13410): Pin "adc_din" is stuck at GND File: /home/abhinav/e_yantra/Testing/Task 4 Versions/no_parity/goat/t4_maze_runner/code/t5b_maze_solver.v Line: 20
Info (286030): Timing-Driven Synthesis is running
Info (17049): 32 registers lost all their fanouts during netlist optimizations.
Info (144001): Generated suppressed messages file /home/abhinav/e_yantra/Testing/Task 4 Versions/no_parity/goat/t4_maze_runner/output_files/t5b_maze_solver.map.smsg
Info (16010): Generating hard_block partition "hard_block:auto_generated_inst"
    Info (16011): Adding 0 node(s), including 0 DDIO, 0 PLL, 0 transceiver and 0 LCELL
Info (21057): Implemented 6294 device resources after synthesis - the final resource count might be different
    Info (21058): Implemented 12 input pins
    Info (21059): Implemented 20 output pins
    Info (21060): Implemented 1 bidirectional pins
    Info (21061): Implemented 6261 logic cells
Info: Quartus Prime Analysis & Synthesis was successful. 0 errors, 61 warnings
    Info: Peak virtual memory: 551 megabytes
    Info: Processing ended: Sun Feb 22 20:46:46 2026
    Info: Elapsed time: 00:00:19
    Info: Total CPU time (on all processors): 00:00:37
Info: *******************************************************************
Info: Running Quartus Prime Fitter
    Info: Version 20.1.0 Build 711 06/05/2020 SJ Lite Edition
    Info: Processing started: Sun Feb 22 20:46:47 2026
Info: Command: quartus_fit --read_settings_files=off --write_settings_files=off t5b_maze_solver -c t5b_maze_solver
Info: qfit2_default_script.tcl version: #1
Info: Project  = t5b_maze_solver
Info: Revision = t5b_maze_solver
Warning (18236): Number of processors has not been specified which may cause overloading on shared machines.  Set the global assignment NUM_PARALLEL_PROCESSORS in your QSF to an appropriate value for best performance.
Info (20030): Parallel compilation is enabled and will use 16 of the 16 processors detected
Info (119006): Selected device EP4CE22F17C6 for design "t5b_maze_solver"
Info (21077): Low junction temperature is 0 degrees C
Info (21077): High junction temperature is 85 degrees C
Info (171003): Fitter is performing an Auto Fit compilation, which may decrease Fitter effort to reduce compilation time
Warning (292013): Feature LogicLock is only available with a valid subscription license. You can purchase a software subscription to gain full access to this feature.
Info (176444): Device migration not selected. If you intend to use device migration later, you may need to change the pin assignments as they may be incompatible with other devices
    Info (176445): Device EP4CE10F17C6 is compatible
    Info (176445): Device EP4CE6F17C6 is compatible
    Info (176445): Device EP4CE15F17C6 is compatible
Info (169124): Fitter converted 5 user pins into dedicated programming pins
    Info (169125): Pin ~ALTERA_ASDO_DATA1~ is reserved at location C1
    Info (169125): Pin ~ALTERA_FLASH_nCE_nCSO~ is reserved at location D2
    Info (169125): Pin ~ALTERA_DCLK~ is reserved at location H1
    Info (169125): Pin ~ALTERA_DATA0~ is reserved at location H2
    Info (169125): Pin ~ALTERA_nCEO~ is reserved at location F16
Warning (15714): Some pins have incomplete I/O assignments. Refer to the I/O Assignment Warnings report for details
Critical Warning (332012): Synopsys Design Constraints File file not found: 't5b_maze_solver.sdc'. A Synopsys Design Constraints File is required by the Timing Analyzer to get proper timing constraints. Without it, the Compiler will not properly optimize the design.
Info (332144): No user constrained base clocks found in the design
Info (332143): No user constrained clock uncertainty found in the design. Calling "derive_clock_uncertainty"
Info (332123): Deriving Clock Uncertainty. Please refer to report_sdc in the Timing Analyzer to see clock uncertainties.
Info (332130): Timing requirements not specified -- quality metrics such as performance may be sacrificed to reduce compilation time.
Info (176353): Automatically promoted node clk_50M~input (placed in PIN R8 (CLK15, DIFFCLK_6p)) File: /home/abhinav/e_yantra/Testing/Task 4 Versions/no_parity/goat/t4_maze_runner/code/t5b_maze_solver.v Line: 2
    Info (176355): Automatically promoted destinations to use location or clock signal Global Clock CLKCTRL_G18
Info (176353): Automatically promoted node frequency_scaling:uart_clk_gen|clk_1x  File: /home/abhinav/e_yantra/Testing/Task 4 Versions/no_parity/goat/t4_maze_runner/code/frequency_scaling.v Line: 6
    Info (176355): Automatically promoted destinations to use location or clock signal Global Clock
    Info (176356): Following destination nodes may be non-global or may not use global or regional clocks
        Info (176357): Destination node frequency_scaling:uart_clk_gen|clk_1x~0 File: /home/abhinav/e_yantra/Testing/Task 4 Versions/no_parity/goat/t4_maze_runner/code/frequency_scaling.v Line: 6
        Info (176357): Destination node adc_sck~output File: /home/abhinav/e_yantra/Testing/Task 4 Versions/no_parity/goat/t4_maze_runner/code/t5b_maze_solver.v Line: 20
Info (176353): Automatically promoted node motor_driver:l298n|frequency_scaling:f12K|clk_1x  File: /home/abhinav/e_yantra/Testing/Task 4 Versions/no_parity/goat/t4_maze_runner/code/frequency_scaling.v Line: 6
    Info (176355): Automatically promoted destinations to use location or clock signal Global Clock
    Info (176356): Following destination nodes may be non-global or may not use global or regional clocks
        Info (176357): Destination node motor_driver:l298n|frequency_scaling:f12K|clk_1x~0 File: /home/abhinav/e_yantra/Testing/Task 4 Versions/no_parity/goat/t4_maze_runner/code/frequency_scaling.v Line: 6
Info (176353): Automatically promoted node motor_driver:l298n|frequency_scaling:f195K|clk_1x  File: /home/abhinav/e_yantra/Testing/Task 4 Versions/no_parity/goat/t4_maze_runner/code/frequency_scaling.v Line: 6
    Info (176355): Automatically promoted destinations to use location or clock signal Global Clock
    Info (176356): Following destination nodes may be non-global or may not use global or regional clocks
        Info (176357): Destination node motor_driver:l298n|frequency_scaling:f195K|clk_1x~0 File: /home/abhinav/e_yantra/Testing/Task 4 Versions/no_parity/goat/t4_maze_runner/code/frequency_scaling.v Line: 6
Info (176353): Automatically promoted node motor_driver:l298n|frequency_scaling:f3125K|clk_1x  File: /home/abhinav/e_yantra/Testing/Task 4 Versions/no_parity/goat/t4_maze_runner/code/frequency_scaling.v Line: 6
    Info (176355): Automatically promoted destinations to use location or clock signal Global Clock
    Info (176356): Following destination nodes may be non-global or may not use global or regional clocks
        Info (176357): Destination node motor_driver:l298n|frequency_scaling:f3125K|clk_1x~0 File: /home/abhinav/e_yantra/Testing/Task 4 Versions/no_parity/goat/t4_maze_runner/code/frequency_scaling.v Line: 6
Info (176353): Automatically promoted node motor_driver:l298n|app_trig_cnt~34  File: /home/abhinav/e_yantra/Testing/Task 4 Versions/no_parity/goat/t4_maze_runner/code/motor_driver.v Line: 200
    Info (176355): Automatically promoted destinations to use location or clock signal Global Clock
    Info (176356): Following destination nodes may be non-global or may not use global or regional clocks
        Info (176357): Destination node motor_driver:l298n|lin1 File: /home/abhinav/e_yantra/Testing/Task 4 Versions/no_parity/goat/t4_maze_runner/code/motor_driver.v Line: 9
        Info (176357): Destination node motor_driver:l298n|lin2 File: /home/abhinav/e_yantra/Testing/Task 4 Versions/no_parity/goat/t4_maze_runner/code/motor_driver.v Line: 9
        Info (176357): Destination node motor_driver:l298n|rin1 File: /home/abhinav/e_yantra/Testing/Task 4 Versions/no_parity/goat/t4_maze_runner/code/motor_driver.v Line: 9
        Info (176357): Destination node motor_driver:l298n|rin2 File: /home/abhinav/e_yantra/Testing/Task 4 Versions/no_parity/goat/t4_maze_runner/code/motor_driver.v Line: 9
        Info (176357): Destination node motor_driver:l298n|sys_state.STATE_SPIN File: /home/abhinav/e_yantra/Testing/Task 4 Versions/no_parity/goat/t4_maze_runner/code/motor_driver.v Line: 127
        Info (176357): Destination node motor_driver:l298n|sys_state.STATE_DRIVE File: /home/abhinav/e_yantra/Testing/Task 4 Versions/no_parity/goat/t4_maze_runner/code/motor_driver.v Line: 127
        Info (176357): Destination node motor_driver:l298n|sys_state.STATE_BRAKE File: /home/abhinav/e_yantra/Testing/Task 4 Versions/no_parity/goat/t4_maze_runner/code/motor_driver.v Line: 127
        Info (176357): Destination node motor_driver:l298n|stop_done_reg File: /home/abhinav/e_yantra/Testing/Task 4 Versions/no_parity/goat/t4_maze_runner/code/motor_driver.v Line: 169
        Info (176357): Destination node motor_driver:l298n|end_sent_latch File: /home/abhinav/e_yantra/Testing/Task 4 Versions/no_parity/goat/t4_maze_runner/code/motor_driver.v Line: 207
        Info (176357): Destination node motor_driver:l298n|count_left[31] File: /home/abhinav/e_yantra/Testing/Task 4 Versions/no_parity/goat/t4_maze_runner/code/motor_driver.v Line: 102
        Info (176358): Non-global destination nodes limited to 10 nodes
Info (176353): Automatically promoted node por_n  File: /home/abhinav/e_yantra/Testing/Task 4 Versions/no_parity/goat/t4_maze_runner/code/t5b_maze_solver.v Line: 28
    Info (176355): Automatically promoted destinations to use location or clock signal Global Clock
    Info (176356): Following destination nodes may be non-global or may not use global or regional clocks
        Info (176357): Destination node servo_control:u_servo|servo_pwm File: /home/abhinav/e_yantra/Testing/Task 4 Versions/no_parity/goat/t4_maze_runner/code/servo_control.v Line: 6
        Info (176357): Destination node motor_driver:l298n|app_trig_cnt~34 File: /home/abhinav/e_yantra/Testing/Task 4 Versions/no_parity/goat/t4_maze_runner/code/motor_driver.v Line: 200
        Info (176357): Destination node bt_debug:u_bt_debug|tx_data[5] File: /home/abhinav/e_yantra/Testing/Task 4 Versions/no_parity/goat/t4_maze_runner/code/bt_debug.v Line: 114
        Info (176357): Destination node bt_debug:u_bt_debug|tx_data[7] File: /home/abhinav/e_yantra/Testing/Task 4 Versions/no_parity/goat/t4_maze_runner/code/bt_debug.v Line: 114
        Info (176357): Destination node bt_debug:u_bt_debug|tx_data[2] File: /home/abhinav/e_yantra/Testing/Task 4 Versions/no_parity/goat/t4_maze_runner/code/bt_debug.v Line: 114
        Info (176357): Destination node bt_debug:u_bt_debug|tx_data[0] File: /home/abhinav/e_yantra/Testing/Task 4 Versions/no_parity/goat/t4_maze_runner/code/bt_debug.v Line: 114
        Info (176357): Destination node bt_debug:u_bt_debug|tx_data[1] File: /home/abhinav/e_yantra/Testing/Task 4 Versions/no_parity/goat/t4_maze_runner/code/bt_debug.v Line: 114
        Info (176357): Destination node bt_debug:u_bt_debug|tx_data[3] File: /home/abhinav/e_yantra/Testing/Task 4 Versions/no_parity/goat/t4_maze_runner/code/bt_debug.v Line: 114
        Info (176357): Destination node bt_debug:u_bt_debug|tx_data[6] File: /home/abhinav/e_yantra/Testing/Task 4 Versions/no_parity/goat/t4_maze_runner/code/bt_debug.v Line: 114
        Info (176357): Destination node bt_debug:u_bt_debug|tx_data[4] File: /home/abhinav/e_yantra/Testing/Task 4 Versions/no_parity/goat/t4_maze_runner/code/bt_debug.v Line: 114
        Info (176358): Non-global destination nodes limited to 10 nodes
Info (176233): Starting register packing
Info (176235): Finished register packing
    Extra Info (176219): No registers were packed into other blocks
Info (171121): Fitter preparation operations ending: elapsed time is 00:00:04
Info (14896): Fitter has disabled Advanced Physical Optimization because it is not supported for the current family.
Info (170189): Fitter placement preparation operations beginning
Info (170190): Fitter placement preparation operations ending: elapsed time is 00:00:01
Info (170191): Fitter placement operations beginning
Info (170137): Fitter placement was successful
Info (170192): Fitter placement operations ending: elapsed time is 00:00:09
Info (170193): Fitter routing operations beginning
Info (170195): Router estimated average interconnect usage is 5% of the available device resources
    Info (170196): Router estimated peak interconnect usage is 13% of the available device resources in the region that extends from location X32_Y11 to location X42_Y22
Info (170199): The Fitter performed an Auto Fit compilation.  Optimizations were skipped to reduce compilation time.
    Info (170201): Optimizations that may affect the design's routability were skipped
Info (170194): Fitter routing operations ending: elapsed time is 00:00:06
Info (11888): Total time spent on timing analysis during the Fitter is 3.99 seconds.
Info (334003): Started post-fitting delay annotation
Info (334004): Delay annotation completed successfully
Info (334003): Started post-fitting delay annotation
Info (334004): Delay annotation completed successfully
Info (11218): Fitter post-fit operations ending: elapsed time is 00:00:03
Info (144001): Generated suppressed messages file /home/abhinav/e_yantra/Testing/Task 4 Versions/no_parity/goat/t4_maze_runner/output_files/t5b_maze_solver.fit.smsg
Info: Quartus Prime Fitter was successful. 0 errors, 4 warnings
    Info: Peak virtual memory: 2065 megabytes
    Info: Processing ended: Sun Feb 22 20:47:16 2026
    Info: Elapsed time: 00:00:29
    Info: Total CPU time (on all processors): 00:01:31
Info: *******************************************************************
Info: Running Quartus Prime Assembler
    Info: Version 20.1.0 Build 711 06/05/2020 SJ Lite Edition
    Info: Processing started: Sun Feb 22 20:47:18 2026
Info: Command: quartus_asm --read_settings_files=off --write_settings_files=off t5b_maze_solver -c t5b_maze_solver
Warning (18236): Number of processors has not been specified which may cause overloading on shared machines.  Set the global assignment NUM_PARALLEL_PROCESSORS in your QSF to an appropriate value for best performance.
Info (115031): Writing out detailed assembly data for power analysis
Info (115030): Assembler is generating device programming files
Info: Quartus Prime Assembler was successful. 0 errors, 1 warning
    Info: Peak virtual memory: 365 megabytes
    Info: Processing ended: Sun Feb 22 20:47:19 2026
    Info: Elapsed time: 00:00:01
    Info: Total CPU time (on all processors): 00:00:01
Info (293026): Skipped module Power Analyzer due to the assignment FLOW_ENABLE_POWER_ANALYZER
Info: *******************************************************************
Info: Running Quartus Prime Timing Analyzer
    Info: Version 20.1.0 Build 711 06/05/2020 SJ Lite Edition
    Info: Processing started: Sun Feb 22 20:47:20 2026
Info: Command: quartus_sta t5b_maze_solver -c t5b_maze_solver
Info: qsta_default_script.tcl version: #1
Warning (18236): Number of processors has not been specified which may cause overloading on shared machines.  Set the global assignment NUM_PARALLEL_PROCESSORS in your QSF to an appropriate value for best performance.
Info (20030): Parallel compilation is enabled and will use 16 of the 16 processors detected
Info (21077): Low junction temperature is 0 degrees C
Info (21077): High junction temperature is 85 degrees C
Critical Warning (332012): Synopsys Design Constraints File file not found: 't5b_maze_solver.sdc'. A Synopsys Design Constraints File is required by the Timing Analyzer to get proper timing constraints. Without it, the Compiler will not properly optimize the design.
Info (332142): No user constrained base clocks found in the design. Calling "derive_clocks -period 1.0"
Info (332105): Deriving Clocks
    Info (332105): create_clock -period 1.000 -name clk_50M clk_50M
    Info (332105): create_clock -period 1.000 -name frequency_scaling:uart_clk_gen|clk_1x frequency_scaling:uart_clk_gen|clk_1x
    Info (332105): create_clock -period 1.000 -name motor_driver:l298n|frequency_scaling:f12K|clk_1x motor_driver:l298n|frequency_scaling:f12K|clk_1x
    Info (332105): create_clock -period 1.000 -name motor_driver:l298n|frequency_scaling:f195K|clk_1x motor_driver:l298n|frequency_scaling:f195K|clk_1x
    Info (332105): create_clock -period 1.000 -name motor_driver:l298n|frequency_scaling:f3125K|clk_1x motor_driver:l298n|frequency_scaling:f3125K|clk_1x
Info (332143): No user constrained clock uncertainty found in the design. Calling "derive_clock_uncertainty"
Info (332123): Deriving Clock Uncertainty. Please refer to report_sdc in the Timing Analyzer to see clock uncertainties.
Info: Found TIMING_ANALYZER_REPORT_SCRIPT_INCLUDE_DEFAULT_ANALYSIS = ON
Info: Analyzing Slow 1200mV 85C Model
Critical Warning (332148): Timing requirements not met
    Info (11105): For recommendations on closing timing, run Report Timing Closure Recommendations in the Timing Analyzer.
Info (332146): Worst-case setup slack is -46.391
    Info (332119):     Slack       End Point TNS Clock 
    Info (332119): ========= =================== =====================
    Info (332119):   -46.391           -7043.006 clk_50M 
    Info (332119):   -10.329           -1375.640 frequency_scaling:uart_clk_gen|clk_1x 
    Info (332119):    -2.913             -10.385 motor_driver:l298n|frequency_scaling:f12K|clk_1x 
    Info (332119):    -1.148              -1.159 motor_driver:l298n|frequency_scaling:f3125K|clk_1x 
    Info (332119):    -1.071              -1.311 motor_driver:l298n|frequency_scaling:f195K|clk_1x 
Info (332146): Worst-case hold slack is 0.167
    Info (332119):     Slack       End Point TNS Clock 
    Info (332119): ========= =================== =====================
    Info (332119):     0.167               0.000 frequency_scaling:uart_clk_gen|clk_1x 
    Info (332119):     0.340               0.000 clk_50M 
    Info (332119):     0.357               0.000 motor_driver:l298n|frequency_scaling:f195K|clk_1x 
    Info (332119):     0.358               0.000 motor_driver:l298n|frequency_scaling:f3125K|clk_1x 
    Info (332119):     0.360               0.000 motor_driver:l298n|frequency_scaling:f12K|clk_1x 
Info (332146): Worst-case recovery slack is -2.509
    Info (332119):     Slack       End Point TNS Clock 
    Info (332119): ========= =================== =====================
    Info (332119):    -2.509            -743.833 clk_50M 
    Info (332119):    -2.118              -8.472 motor_driver:l298n|frequency_scaling:f3125K|clk_1x 
    Info (332119):    -1.851              -7.404 motor_driver:l298n|frequency_scaling:f195K|clk_1x 
    Info (332119):    -1.580            -129.304 frequency_scaling:uart_clk_gen|clk_1x 
Info (332146): Worst-case removal slack is 1.158
    Info (332119):     Slack       End Point TNS Clock 
    Info (332119): ========= =================== =====================
    Info (332119):     1.158               0.000 frequency_scaling:uart_clk_gen|clk_1x 
    Info (332119):     1.847               0.000 clk_50M 
    Info (332119):     2.128               0.000 motor_driver:l298n|frequency_scaling:f195K|clk_1x 
    Info (332119):     2.407               0.000 motor_driver:l298n|frequency_scaling:f3125K|clk_1x 
Info (332146): Worst-case minimum pulse width slack is -3.000
    Info (332119):     Slack       End Point TNS Clock 
    Info (332119): ========= =================== =====================
    Info (332119):    -3.000           -1160.000 clk_50M 
    Info (332119):    -1.000            -428.000 frequency_scaling:uart_clk_gen|clk_1x 
    Info (332119):    -1.000             -10.000 motor_driver:l298n|frequency_scaling:f12K|clk_1x 
    Info (332119):    -1.000              -4.000 motor_driver:l298n|frequency_scaling:f195K|clk_1x 
    Info (332119):    -1.000              -4.000 motor_driver:l298n|frequency_scaling:f3125K|clk_1x 
Info (332114): Report Metastability: Found 12 synchronizer chains.
    Info (332114): Design MTBF is not calculated because the design doesn't meet its timing requirements.
Info: Analyzing Slow 1200mV 0C Model
Info (334003): Started post-fitting delay annotation
Info (334004): Delay annotation completed successfully
Info (332123): Deriving Clock Uncertainty. Please refer to report_sdc in the Timing Analyzer to see clock uncertainties.
Critical Warning (332148): Timing requirements not met
    Info (11105): For recommendations on closing timing, run Report Timing Closure Recommendations in the Timing Analyzer.
Info (332146): Worst-case setup slack is -41.315
    Info (332119):     Slack       End Point TNS Clock 
    Info (332119): ========= =================== =====================
    Info (332119):   -41.315           -6201.525 clk_50M 
    Info (332119):    -9.116           -1207.446 frequency_scaling:uart_clk_gen|clk_1x 
    Info (332119):    -2.517              -8.311 motor_driver:l298n|frequency_scaling:f12K|clk_1x 
    Info (332119):    -0.898              -0.898 motor_driver:l298n|frequency_scaling:f3125K|clk_1x 
    Info (332119):    -0.878              -0.944 motor_driver:l298n|frequency_scaling:f195K|clk_1x 
Info (332146): Worst-case hold slack is 0.168
    Info (332119):     Slack       End Point TNS Clock 
    Info (332119): ========= =================== =====================
    Info (332119):     0.168               0.000 frequency_scaling:uart_clk_gen|clk_1x 
    Info (332119):     0.297               0.000 clk_50M 
    Info (332119):     0.312               0.000 motor_driver:l298n|frequency_scaling:f195K|clk_1x 
    Info (332119):     0.312               0.000 motor_driver:l298n|frequency_scaling:f3125K|clk_1x 
    Info (332119):     0.320               0.000 motor_driver:l298n|frequency_scaling:f12K|clk_1x 
Info (332146): Worst-case recovery slack is -2.175
    Info (332119):     Slack       End Point TNS Clock 
    Info (332119): ========= =================== =====================
    Info (332119):    -2.175            -633.064 clk_50M 
    Info (332119):    -1.791              -7.164 motor_driver:l298n|frequency_scaling:f3125K|clk_1x 
    Info (332119):    -1.548              -6.192 motor_driver:l298n|frequency_scaling:f195K|clk_1x 
    Info (332119):    -1.377             -98.863 frequency_scaling:uart_clk_gen|clk_1x 
Info (332146): Worst-case removal slack is 1.022
    Info (332119):     Slack       End Point TNS Clock 
    Info (332119): ========= =================== =====================
    Info (332119):     1.022               0.000 frequency_scaling:uart_clk_gen|clk_1x 
    Info (332119):     1.645               0.000 clk_50M 
    Info (332119):     1.914               0.000 motor_driver:l298n|frequency_scaling:f195K|clk_1x 
    Info (332119):     2.169               0.000 motor_driver:l298n|frequency_scaling:f3125K|clk_1x 
Info (332146): Worst-case minimum pulse width slack is -3.000
    Info (332119):     Slack       End Point TNS Clock 
    Info (332119): ========= =================== =====================
    Info (332119):    -3.000           -1160.000 clk_50M 
    Info (332119):    -1.000            -428.000 frequency_scaling:uart_clk_gen|clk_1x 
    Info (332119):    -1.000             -10.000 motor_driver:l298n|frequency_scaling:f12K|clk_1x 
    Info (332119):    -1.000              -4.000 motor_driver:l298n|frequency_scaling:f195K|clk_1x 
    Info (332119):    -1.000              -4.000 motor_driver:l298n|frequency_scaling:f3125K|clk_1x 
Info (332114): Report Metastability: Found 12 synchronizer chains.
    Info (332114): Design MTBF is not calculated because the design doesn't meet its timing requirements.
Info: Analyzing Fast 1200mV 0C Model
Info (332123): Deriving Clock Uncertainty. Please refer to report_sdc in the Timing Analyzer to see clock uncertainties.
Critical Warning (332148): Timing requirements not met
    Info (11105): For recommendations on closing timing, run Report Timing Closure Recommendations in the Timing Analyzer.
Info (332146): Worst-case setup slack is -26.065
    Info (332119):     Slack       End Point TNS Clock 
    Info (332119): ========= =================== =====================
    Info (332119):   -26.065           -3599.552 clk_50M 
    Info (332119):    -5.285            -636.116 frequency_scaling:uart_clk_gen|clk_1x 
    Info (332119):    -1.204              -2.446 motor_driver:l298n|frequency_scaling:f12K|clk_1x 
    Info (332119):    -0.372              -0.372 motor_driver:l298n|frequency_scaling:f195K|clk_1x 
    Info (332119):    -0.356              -0.356 motor_driver:l298n|frequency_scaling:f3125K|clk_1x 
Info (332146): Worst-case hold slack is 0.005
    Info (332119):     Slack       End Point TNS Clock 
    Info (332119): ========= =================== =====================
    Info (332119):     0.005               0.000 frequency_scaling:uart_clk_gen|clk_1x 
    Info (332119):     0.175               0.000 clk_50M 
    Info (332119):     0.186               0.000 motor_driver:l298n|frequency_scaling:f195K|clk_1x 
    Info (332119):     0.187               0.000 motor_driver:l298n|frequency_scaling:f3125K|clk_1x 
    Info (332119):     0.194               0.000 motor_driver:l298n|frequency_scaling:f12K|clk_1x 
Info (332146): Worst-case recovery slack is -0.965
    Info (332119):     Slack       End Point TNS Clock 
    Info (332119): ========= =================== =====================
    Info (332119):    -0.965            -267.069 clk_50M 
    Info (332119):    -0.795              -3.180 motor_driver:l298n|frequency_scaling:f3125K|clk_1x 
    Info (332119):    -0.644              -2.576 motor_driver:l298n|frequency_scaling:f195K|clk_1x 
    Info (332119):    -0.640             -20.466 frequency_scaling:uart_clk_gen|clk_1x 
Info (332146): Worst-case removal slack is 0.637
    Info (332119):     Slack       End Point TNS Clock 
    Info (332119): ========= =================== =====================
    Info (332119):     0.637               0.000 frequency_scaling:uart_clk_gen|clk_1x 
    Info (332119):     1.078               0.000 clk_50M 
    Info (332119):     1.175               0.000 motor_driver:l298n|frequency_scaling:f195K|clk_1x 
    Info (332119):     1.333               0.000 motor_driver:l298n|frequency_scaling:f3125K|clk_1x 
Info (332146): Worst-case minimum pulse width slack is -3.000
    Info (332119):     Slack       End Point TNS Clock 
    Info (332119): ========= =================== =====================
    Info (332119):    -3.000           -1240.459 clk_50M 
    Info (332119):    -1.000            -428.000 frequency_scaling:uart_clk_gen|clk_1x 
    Info (332119):    -1.000             -10.000 motor_driver:l298n|frequency_scaling:f12K|clk_1x 
    Info (332119):    -1.000              -4.000 motor_driver:l298n|frequency_scaling:f195K|clk_1x 
    Info (332119):    -1.000              -4.000 motor_driver:l298n|frequency_scaling:f3125K|clk_1x 
Info (332114): Report Metastability: Found 12 synchronizer chains.
    Info (332114): Design MTBF is not calculated because the design doesn't meet its timing requirements.
Info (332102): Design is not fully constrained for setup requirements
Info (332102): Design is not fully constrained for hold requirements
Info: Quartus Prime Timing Analyzer was successful. 0 errors, 5 warnings
    Info: Peak virtual memory: 685 megabytes
    Info: Processing ended: Sun Feb 22 20:47:24 2026
    Info: Elapsed time: 00:00:04
    Info: Total CPU time (on all processors): 00:00:06
Info: *******************************************************************
Info: Running Quartus Prime EDA Netlist Writer
    Info: Version 20.1.0 Build 711 06/05/2020 SJ Lite Edition
    Info: Processing started: Sun Feb 22 20:47:26 2026
Info: Command: quartus_eda --read_settings_files=off --write_settings_files=off t5b_maze_solver -c t5b_maze_solver
Warning (18236): Number of processors has not been specified which may cause overloading on shared machines.  Set the global assignment NUM_PARALLEL_PROCESSORS in your QSF to an appropriate value for best performance.
Info (204019): Generated file t5b_maze_solver.vo in folder "/home/abhinav/e_yantra/Testing/Task 4 Versions/no_parity/goat/t4_maze_runner/simulation/modelsim/" for EDA simulation tool
Info: Quartus Prime EDA Netlist Writer was successful. 0 errors, 1 warning
    Info: Peak virtual memory: 617 megabytes
    Info: Processing ended: Sun Feb 22 20:47:27 2026
    Info: Elapsed time: 00:00:01
    Info: Total CPU time (on all processors): 00:00:01
Info (293000): Quartus Prime Full Compilation was successful. 0 errors, 72 warnings
Info (23030): Evaluation of Tcl script /home/abhinav/intelFPGA_lite/20.1/quartus/common/tcl/internal/qsh_flow.tcl was successful
Info: Quartus Prime Shell was successful. 0 errors, 72 warnings
    Info: Peak virtual memory: 495 megabytes
    Info: Processing ended: Sun Feb 22 20:47:27 2026
    Info: Elapsed time: 00:01:00
    Info: Total CPU time (on all processors): 00:02:20
