--------------------------------------------------------
Starting FPGA Build and Program Sequence
--------------------------------------------------------
[1/4] Compiling Project: t4_maze_runner...
Info: *******************************************************************
Info: Running Quartus Prime Shell
    Info: Version 20.1.0 Build 711 06/05/2020 SJ Lite Edition
    Info: Copyright (C) 2020  Intel Corporation. All rights reserved.
    Info: Your use of Intel Corporation's design tools, logic functions 
    Info: and other software and tools, and any partner logic 
    Info: functions, and any output files from any of the foregoing 
    Info: (including device programming or simulation files), and any 
    Info: associated documentation or information are expressly subject 
    Info: to the terms and conditions of the Intel Program License 
    Info: Subscription Agreement, the Intel Quartus Prime License Agreement,
    Info: the Intel FPGA IP License Agreement, or other applicable license
    Info: agreement, including, without limitation, that your use is for
    Info: the sole purpose of programming logic devices manufactured by
    Info: Intel and sold by Intel or its authorized distributors.  Please
    Info: refer to the applicable agreement for further details, at
    Info: https://fpgasoftware.intel.com/eula.
    Info: Processing started: Sun Feb  8 15:22:57 2026
Info: Command: quartus_sh --flow compile t4_maze_runner
Info: Quartus(args): compile t4_maze_runner
Info: Project Name = /home/nimal/Documents/Working1/bt_parity_basic_debug/t4_maze_runner/t4_maze_runner
Info: Revision Name = t4_maze_runner
Info: *******************************************************************
Info: Running Quartus Prime Analysis & Synthesis
    Info: Version 20.1.0 Build 711 06/05/2020 SJ Lite Edition
    Info: Processing started: Sun Feb  8 15:22:58 2026
Info: Command: quartus_map --read_settings_files=on --write_settings_files=off t4_maze_runner -c t4_maze_runner
Warning (18236): Number of processors has not been specified which may cause overloading on shared machines.  Set the global assignment NUM_PARALLEL_PROCESSORS in your QSF to an appropriate value for best performance.
Info (20030): Parallel compilation is enabled and will use 8 of the 8 processors detected
Info (12021): Found 1 design units, including 1 entities, in source file code/wall_centering_controller.v
    Info (12023): Found entity 1: wall_centering_controller File: /home/nimal/Documents/Working1/bt_parity_basic_debug/t4_maze_runner/code/wall_centering_controller.v Line: 1
Info (12021): Found 1 design units, including 1 entities, in source file code/ultrasonic.v
    Info (12023): Found entity 1: ultrasonic File: /home/nimal/Documents/Working1/bt_parity_basic_debug/t4_maze_runner/code/ultrasonic.v Line: 1
Info (12021): Found 1 design units, including 1 entities, in source file code/uart_tx.v
    Info (12023): Found entity 1: uart_tx File: /home/nimal/Documents/Working1/bt_parity_basic_debug/t4_maze_runner/code/uart_tx.v Line: 1
Info (12021): Found 1 design units, including 1 entities, in source file code/uart_rx.v
    Info (12023): Found entity 1: uart_rx File: /home/nimal/Documents/Working1/bt_parity_basic_debug/t4_maze_runner/code/uart_rx.v Line: 2
Info (12021): Found 1 design units, including 1 entities, in source file code/t4_maze_runner.v
    Info (12023): Found entity 1: t4_maze_runner File: /home/nimal/Documents/Working1/bt_parity_basic_debug/t4_maze_runner/code/t4_maze_runner.v Line: 1
Info (12021): Found 1 design units, including 1 entities, in source file code/synchronizer.v
    Info (12023): Found entity 1: synchronizer File: /home/nimal/Documents/Working1/bt_parity_basic_debug/t4_maze_runner/code/synchronizer.v Line: 1
Info (12021): Found 1 design units, including 1 entities, in source file code/quadrature_decoder.v
    Info (12023): Found entity 1: quadrature_decoder File: /home/nimal/Documents/Working1/bt_parity_basic_debug/t4_maze_runner/code/quadrature_decoder.v Line: 1
Info (12021): Found 1 design units, including 1 entities, in source file code/pwm_generator.v
    Info (12023): Found entity 1: pwm_generator File: /home/nimal/Documents/Working1/bt_parity_basic_debug/t4_maze_runner/code/pwm_generator.v Line: 2
Info (12021): Found 1 design units, including 1 entities, in source file code/pledge.v
    Info (12023): Found entity 1: pledge File: /home/nimal/Documents/Working1/bt_parity_basic_debug/t4_maze_runner/code/pledge.v Line: 3
Info (12021): Found 1 design units, including 1 entities, in source file code/pid_controller.v
    Info (12023): Found entity 1: pid_controller File: /home/nimal/Documents/Working1/bt_parity_basic_debug/t4_maze_runner/code/pid_controller.v Line: 1
Info (12021): Found 1 design units, including 1 entities, in source file code/pid.v
    Info (12023): Found entity 1: pid File: /home/nimal/Documents/Working1/bt_parity_basic_debug/t4_maze_runner/code/pid.v Line: 1
Info (12021): Found 1 design units, including 1 entities, in source file code/move_instr.v
    Info (12023): Found entity 1: move_instr File: /home/nimal/Documents/Working1/bt_parity_basic_debug/t4_maze_runner/code/move_instr.v Line: 1
Info (12021): Found 1 design units, including 1 entities, in source file code/motor_driver.v
    Info (12023): Found entity 1: motor_driver File: /home/nimal/Documents/Working1/bt_parity_basic_debug/t4_maze_runner/code/motor_driver.v Line: 1
Info (12021): Found 1 design units, including 1 entities, in source file code/frequency_scaling.v
    Info (12023): Found entity 1: frequency_scaling File: /home/nimal/Documents/Working1/bt_parity_basic_debug/t4_maze_runner/code/frequency_scaling.v Line: 2
Info (12021): Found 1 design units, including 1 entities, in source file code/bt_debug.v
    Info (12023): Found entity 1: bt_debug File: /home/nimal/Documents/Working1/bt_parity_basic_debug/t4_maze_runner/code/bt_debug.v Line: 1
Info (12021): Found 1 design units, including 1 entities, in source file code/t2a_dht.v
    Info (12023): Found entity 1: t2a_dht File: /home/nimal/Documents/Working1/bt_parity_basic_debug/t4_maze_runner/code/t2a_dht.v Line: 1
Info (12021): Found 1 design units, including 1 entities, in source file code/adc_controller.v
    Info (12023): Found entity 1: adc_controller File: /home/nimal/Documents/Working1/bt_parity_basic_debug/t4_maze_runner/code/adc_controller.v Line: 1
Info (12021): Found 1 design units, including 1 entities, in source file code/servo_control.v
    Info (12023): Found entity 1: servo_control File: /home/nimal/Documents/Working1/bt_parity_basic_debug/t4_maze_runner/code/servo_control.v Line: 1
Info (12021): Found 1 design units, including 1 entities, in source file code/bit_parity_sensor.v
    Info (12023): Found entity 1: bit_parity_sensor File: /home/nimal/Documents/Working1/bt_parity_basic_debug/t4_maze_runner/code/bit_parity_sensor.v Line: 1
Info (12127): Elaborating entity "t4_maze_runner" for the top level hierarchy
Warning (10230): Verilog HDL assignment warning at t4_maze_runner.v(32): truncated value with size 32 to match size of target (20) File: /home/nimal/Documents/Working1/bt_parity_basic_debug/t4_maze_runner/code/t4_maze_runner.v Line: 32
Info (12128): Elaborating entity "frequency_scaling" for hierarchy "frequency_scaling:uart_clk_gen" File: /home/nimal/Documents/Working1/bt_parity_basic_debug/t4_maze_runner/code/t4_maze_runner.v Line: 46
Info (12128): Elaborating entity "adc_controller" for hierarchy "adc_controller:u_adc" File: /home/nimal/Documents/Working1/bt_parity_basic_debug/t4_maze_runner/code/t4_maze_runner.v Line: 66
Warning (10230): Verilog HDL assignment warning at adc_controller.v(26): truncated value with size 32 to match size of target (4) File: /home/nimal/Documents/Working1/bt_parity_basic_debug/t4_maze_runner/code/adc_controller.v Line: 26
Warning (10240): Verilog HDL Always Construct warning at adc_controller.v(20): inferring latch(es) for variable "din_temp", which holds its previous value in one or more paths through the always construct File: /home/nimal/Documents/Working1/bt_parity_basic_debug/t4_maze_runner/code/adc_controller.v Line: 20
Warning (10764): Verilog HDL warning at adc_controller.v(66): converting signed shift amount to unsigned File: /home/nimal/Documents/Working1/bt_parity_basic_debug/t4_maze_runner/code/adc_controller.v Line: 66
Info (10041): Inferred latch for "din_temp" at adc_controller.v(20) File: /home/nimal/Documents/Working1/bt_parity_basic_debug/t4_maze_runner/code/adc_controller.v Line: 20
Info (12128): Elaborating entity "bit_parity_sensor" for hierarchy "bit_parity_sensor:u_bps" File: /home/nimal/Documents/Working1/bt_parity_basic_debug/t4_maze_runner/code/t4_maze_runner.v Line: 82
Info (12128): Elaborating entity "t2a_dht" for hierarchy "bit_parity_sensor:u_bps|t2a_dht:u_dht_inst" File: /home/nimal/Documents/Working1/bt_parity_basic_debug/t4_maze_runner/code/bit_parity_sensor.v Line: 29
Warning (10230): Verilog HDL assignment warning at t2a_dht.v(86): truncated value with size 32 to match size of target (6) File: /home/nimal/Documents/Working1/bt_parity_basic_debug/t4_maze_runner/code/t2a_dht.v Line: 86
Warning (10034): Output port "T_decimal" at t2a_dht.v(7) has no driver File: /home/nimal/Documents/Working1/bt_parity_basic_debug/t4_maze_runner/code/t2a_dht.v Line: 7
Warning (10034): Output port "RH_decimal" at t2a_dht.v(8) has no driver File: /home/nimal/Documents/Working1/bt_parity_basic_debug/t4_maze_runner/code/t2a_dht.v Line: 8
Warning (10034): Output port "Checksum" at t2a_dht.v(9) has no driver File: /home/nimal/Documents/Working1/bt_parity_basic_debug/t4_maze_runner/code/t2a_dht.v Line: 9
Info (12128): Elaborating entity "servo_control" for hierarchy "bit_parity_sensor:u_bps|servo_control:u_servo_inst" File: /home/nimal/Documents/Working1/bt_parity_basic_debug/t4_maze_runner/code/bit_parity_sensor.v Line: 52
Warning (10230): Verilog HDL assignment warning at servo_control.v(34): truncated value with size 32 to match size of target (16) File: /home/nimal/Documents/Working1/bt_parity_basic_debug/t4_maze_runner/code/servo_control.v Line: 34
Info (12128): Elaborating entity "uart_rx" for hierarchy "uart_rx:u_rx" File: /home/nimal/Documents/Working1/bt_parity_basic_debug/t4_maze_runner/code/t4_maze_runner.v Line: 98
Info (12128): Elaborating entity "synchronizer" for hierarchy "synchronizer:sync_stop_done" File: /home/nimal/Documents/Working1/bt_parity_basic_debug/t4_maze_runner/code/t4_maze_runner.v Line: 120
Info (12128): Elaborating entity "bt_debug" for hierarchy "bt_debug:u_bt_debug" File: /home/nimal/Documents/Working1/bt_parity_basic_debug/t4_maze_runner/code/t4_maze_runner.v Line: 142
Warning (10230): Verilog HDL assignment warning at bt_debug.v(122): truncated value with size 32 to match size of target (8) File: /home/nimal/Documents/Working1/bt_parity_basic_debug/t4_maze_runner/code/bt_debug.v Line: 122
Warning (10230): Verilog HDL assignment warning at bt_debug.v(143): truncated value with size 32 to match size of target (6) File: /home/nimal/Documents/Working1/bt_parity_basic_debug/t4_maze_runner/code/bt_debug.v Line: 143
Warning (10230): Verilog HDL assignment warning at bt_debug.v(156): truncated value with size 8 to match size of target (4) File: /home/nimal/Documents/Working1/bt_parity_basic_debug/t4_maze_runner/code/bt_debug.v Line: 156
Warning (10230): Verilog HDL assignment warning at bt_debug.v(61): truncated value with size 32 to match size of target (8) File: /home/nimal/Documents/Working1/bt_parity_basic_debug/t4_maze_runner/code/bt_debug.v Line: 61
Warning (10230): Verilog HDL assignment warning at bt_debug.v(62): truncated value with size 32 to match size of target (8) File: /home/nimal/Documents/Working1/bt_parity_basic_debug/t4_maze_runner/code/bt_debug.v Line: 62
Warning (10230): Verilog HDL assignment warning at bt_debug.v(191): truncated value with size 32 to match size of target (6) File: /home/nimal/Documents/Working1/bt_parity_basic_debug/t4_maze_runner/code/bt_debug.v Line: 191
Warning (10230): Verilog HDL assignment warning at bt_debug.v(209): truncated value with size 32 to match size of target (6) File: /home/nimal/Documents/Working1/bt_parity_basic_debug/t4_maze_runner/code/bt_debug.v Line: 209
Warning (10230): Verilog HDL assignment warning at bt_debug.v(219): truncated value with size 32 to match size of target (6) File: /home/nimal/Documents/Working1/bt_parity_basic_debug/t4_maze_runner/code/bt_debug.v Line: 219
Warning (10230): Verilog HDL assignment warning at bt_debug.v(246): truncated value with size 32 to match size of target (12) File: /home/nimal/Documents/Working1/bt_parity_basic_debug/t4_maze_runner/code/bt_debug.v Line: 246
Info (12128): Elaborating entity "uart_tx" for hierarchy "bt_debug:u_bt_debug|uart_tx:tx_inst" File: /home/nimal/Documents/Working1/bt_parity_basic_debug/t4_maze_runner/code/bt_debug.v Line: 74
Warning (10230): Verilog HDL assignment warning at uart_tx.v(42): truncated value with size 32 to match size of target (3) File: /home/nimal/Documents/Working1/bt_parity_basic_debug/t4_maze_runner/code/uart_tx.v Line: 42
Warning (10230): Verilog HDL assignment warning at uart_tx.v(58): truncated value with size 32 to match size of target (5) File: /home/nimal/Documents/Working1/bt_parity_basic_debug/t4_maze_runner/code/uart_tx.v Line: 58
Info (12128): Elaborating entity "motor_driver" for hierarchy "motor_driver:l298n" File: /home/nimal/Documents/Working1/bt_parity_basic_debug/t4_maze_runner/code/t4_maze_runner.v Line: 196
Warning (10036): Verilog HDL or VHDL warning at motor_driver.v(171): object "use_timer_for_spin" assigned a value but never read File: /home/nimal/Documents/Working1/bt_parity_basic_debug/t4_maze_runner/code/motor_driver.v Line: 171
Warning (10036): Verilog HDL or VHDL warning at motor_driver.v(172): object "has_brake_stage" assigned a value but never read File: /home/nimal/Documents/Working1/bt_parity_basic_debug/t4_maze_runner/code/motor_driver.v Line: 172
Warning (10036): Verilog HDL or VHDL warning at motor_driver.v(219): object "edge_detected" assigned a value but never read File: /home/nimal/Documents/Working1/bt_parity_basic_debug/t4_maze_runner/code/motor_driver.v Line: 219
Warning (10036): Verilog HDL or VHDL warning at motor_driver.v(220): object "edge_debounce_timer" assigned a value but never read File: /home/nimal/Documents/Working1/bt_parity_basic_debug/t4_maze_runner/code/motor_driver.v Line: 220
Warning (10230): Verilog HDL assignment warning at motor_driver.v(114): truncated value with size 32 to match size of target (19) File: /home/nimal/Documents/Working1/bt_parity_basic_debug/t4_maze_runner/code/motor_driver.v Line: 114
Warning (10030): Net "target_speed_left" at motor_driver.v(123) has no driver or initial value, using a default initial value '0' File: /home/nimal/Documents/Working1/bt_parity_basic_debug/t4_maze_runner/code/motor_driver.v Line: 123
Warning (10030): Net "target_speed_right" at motor_driver.v(123) has no driver or initial value, using a default initial value '0' File: /home/nimal/Documents/Working1/bt_parity_basic_debug/t4_maze_runner/code/motor_driver.v Line: 123
Info (12128): Elaborating entity "pwm_generator" for hierarchy "motor_driver:l298n|pwm_generator:pg_enal" File: /home/nimal/Documents/Working1/bt_parity_basic_debug/t4_maze_runner/code/motor_driver.v Line: 66
Info (12128): Elaborating entity "ultrasonic" for hierarchy "motor_driver:l298n|ultrasonic:us_mid" File: /home/nimal/Documents/Working1/bt_parity_basic_debug/t4_maze_runner/code/motor_driver.v Line: 70
Warning (10230): Verilog HDL assignment warning at ultrasonic.v(29): truncated value with size 32 to match size of target (16) File: /home/nimal/Documents/Working1/bt_parity_basic_debug/t4_maze_runner/code/ultrasonic.v Line: 29
Warning (10230): Verilog HDL assignment warning at ultrasonic.v(46): truncated value with size 32 to match size of target (20) File: /home/nimal/Documents/Working1/bt_parity_basic_debug/t4_maze_runner/code/ultrasonic.v Line: 46
Warning (10230): Verilog HDL assignment warning at ultrasonic.v(75): truncated value with size 32 to match size of target (22) File: /home/nimal/Documents/Working1/bt_parity_basic_debug/t4_maze_runner/code/ultrasonic.v Line: 75
Warning (10230): Verilog HDL assignment warning at ultrasonic.v(95): truncated value with size 32 to match size of target (3) File: /home/nimal/Documents/Working1/bt_parity_basic_debug/t4_maze_runner/code/ultrasonic.v Line: 95
Info (12128): Elaborating entity "ultrasonic" for hierarchy "motor_driver:l298n|ultrasonic:us_left" File: /home/nimal/Documents/Working1/bt_parity_basic_debug/t4_maze_runner/code/motor_driver.v Line: 71
Warning (10230): Verilog HDL assignment warning at ultrasonic.v(29): truncated value with size 32 to match size of target (16) File: /home/nimal/Documents/Working1/bt_parity_basic_debug/t4_maze_runner/code/ultrasonic.v Line: 29
Warning (10230): Verilog HDL assignment warning at ultrasonic.v(46): truncated value with size 32 to match size of target (20) File: /home/nimal/Documents/Working1/bt_parity_basic_debug/t4_maze_runner/code/ultrasonic.v Line: 46
Warning (10230): Verilog HDL assignment warning at ultrasonic.v(75): truncated value with size 32 to match size of target (22) File: /home/nimal/Documents/Working1/bt_parity_basic_debug/t4_maze_runner/code/ultrasonic.v Line: 75
Warning (10230): Verilog HDL assignment warning at ultrasonic.v(95): truncated value with size 32 to match size of target (3) File: /home/nimal/Documents/Working1/bt_parity_basic_debug/t4_maze_runner/code/ultrasonic.v Line: 95
Info (12128): Elaborating entity "wall_centering_controller" for hierarchy "motor_driver:l298n|wall_centering_controller:wcc" File: /home/nimal/Documents/Working1/bt_parity_basic_debug/t4_maze_runner/code/motor_driver.v Line: 145
Info (12128): Elaborating entity "pid_controller" for hierarchy "motor_driver:l298n|pid_controller:pid_l" File: /home/nimal/Documents/Working1/bt_parity_basic_debug/t4_maze_runner/code/motor_driver.v Line: 151
Info (12128): Elaborating entity "move_instr" for hierarchy "motor_driver:l298n|move_instr:sequencer" File: /home/nimal/Documents/Working1/bt_parity_basic_debug/t4_maze_runner/code/motor_driver.v Line: 189
Warning (10855): Verilog HDL warning at move_instr.v(34): initial value for variable flag should be constant File: /home/nimal/Documents/Working1/bt_parity_basic_debug/t4_maze_runner/code/move_instr.v Line: 34
Warning (10230): Verilog HDL assignment warning at move_instr.v(57): truncated value with size 32 to match size of target (7) File: /home/nimal/Documents/Working1/bt_parity_basic_debug/t4_maze_runner/code/move_instr.v Line: 57
Warning (10230): Verilog HDL assignment warning at move_instr.v(59): truncated value with size 32 to match size of target (7) File: /home/nimal/Documents/Working1/bt_parity_basic_debug/t4_maze_runner/code/move_instr.v Line: 59
Warning (10230): Verilog HDL assignment warning at move_instr.v(61): truncated value with size 32 to match size of target (7) File: /home/nimal/Documents/Working1/bt_parity_basic_debug/t4_maze_runner/code/move_instr.v Line: 61
Warning (10240): Verilog HDL Always Construct warning at move_instr.v(63): inferring latch(es) for variable "i", which holds its previous value in one or more paths through the always construct File: /home/nimal/Documents/Working1/bt_parity_basic_debug/t4_maze_runner/code/move_instr.v Line: 63
Info (278001): Inferred 4 megafunctions from design logic
    Info (278003): Inferred multiplier megafunction ("lpm_mult") from the following logic: "motor_driver:l298n|ultrasonic:us_mid|Mult0" File: /home/nimal/Documents/Working1/bt_parity_basic_debug/t4_maze_runner/code/ultrasonic.v Line: 55
    Info (278004): Inferred divider/modulo megafunction ("lpm_divide") from the following logic: "motor_driver:l298n|ultrasonic:us_right|Div0" File: /home/nimal/Documents/Working1/bt_parity_basic_debug/t4_maze_runner/code/ultrasonic.v Line: 29
    Info (278004): Inferred divider/modulo megafunction ("lpm_divide") from the following logic: "motor_driver:l298n|ultrasonic:us_left|Div0" File: /home/nimal/Documents/Working1/bt_parity_basic_debug/t4_maze_runner/code/ultrasonic.v Line: 29
    Info (278004): Inferred divider/modulo megafunction ("lpm_divide") from the following logic: "motor_driver:l298n|ultrasonic:us_mid|Div0" File: /home/nimal/Documents/Working1/bt_parity_basic_debug/t4_maze_runner/code/ultrasonic.v Line: 29
Info (12130): Elaborated megafunction instantiation "motor_driver:l298n|ultrasonic:us_mid|lpm_mult:Mult0" File: /home/nimal/Documents/Working1/bt_parity_basic_debug/t4_maze_runner/code/ultrasonic.v Line: 55
Info (12133): Instantiated megafunction "motor_driver:l298n|ultrasonic:us_mid|lpm_mult:Mult0" with the following parameter: File: /home/nimal/Documents/Working1/bt_parity_basic_debug/t4_maze_runner/code/ultrasonic.v Line: 55
    Info (12134): Parameter "LPM_WIDTHA" = "3"
    Info (12134): Parameter "LPM_WIDTHB" = "10"
    Info (12134): Parameter "LPM_WIDTHP" = "13"
    Info (12134): Parameter "LPM_WIDTHR" = "13"
    Info (12134): Parameter "LPM_WIDTHS" = "1"
    Info (12134): Parameter "LPM_REPRESENTATION" = "UNSIGNED"
    Info (12134): Parameter "INPUT_A_IS_CONSTANT" = "NO"
    Info (12134): Parameter "INPUT_B_IS_CONSTANT" = "YES"
    Info (12134): Parameter "MAXIMIZE_SPEED" = "6"
Info (12131): Elaborated megafunction instantiation "motor_driver:l298n|ultrasonic:us_mid|lpm_mult:Mult0|multcore:mult_core", which is child of megafunction instantiation "motor_driver:l298n|ultrasonic:us_mid|lpm_mult:Mult0" File: /home/nimal/intelFPGA_lite/20.1/quartus/libraries/megafunctions/lpm_mult.tdf Line: 309
Info (12131): Elaborated megafunction instantiation "motor_driver:l298n|ultrasonic:us_mid|lpm_mult:Mult0|multcore:mult_core|mpar_add:padder", which is child of megafunction instantiation "motor_driver:l298n|ultrasonic:us_mid|lpm_mult:Mult0" File: /home/nimal/intelFPGA_lite/20.1/quartus/libraries/megafunctions/multcore.tdf Line: 229
Info (12131): Elaborated megafunction instantiation "motor_driver:l298n|ultrasonic:us_mid|lpm_mult:Mult0|altshift:external_latency_ffs", which is child of megafunction instantiation "motor_driver:l298n|ultrasonic:us_mid|lpm_mult:Mult0" File: /home/nimal/intelFPGA_lite/20.1/quartus/libraries/megafunctions/lpm_mult.tdf Line: 352
Info (12130): Elaborated megafunction instantiation "motor_driver:l298n|ultrasonic:us_right|lpm_divide:Div0" File: /home/nimal/Documents/Working1/bt_parity_basic_debug/t4_maze_runner/code/ultrasonic.v Line: 29
Info (12133): Instantiated megafunction "motor_driver:l298n|ultrasonic:us_right|lpm_divide:Div0" with the following parameter: File: /home/nimal/Documents/Working1/bt_parity_basic_debug/t4_maze_runner/code/ultrasonic.v Line: 29
    Info (12134): Parameter "LPM_WIDTHN" = "28"
    Info (12134): Parameter "LPM_WIDTHD" = "14"
    Info (12134): Parameter "LPM_NREPRESENTATION" = "UNSIGNED"
    Info (12134): Parameter "LPM_DREPRESENTATION" = "UNSIGNED"
Info (12021): Found 1 design units, including 1 entities, in source file db/lpm_divide_mkm.tdf
    Info (12023): Found entity 1: lpm_divide_mkm File: /home/nimal/Documents/Working1/bt_parity_basic_debug/t4_maze_runner/db/lpm_divide_mkm.tdf Line: 25
Info (12021): Found 1 design units, including 1 entities, in source file db/sign_div_unsign_enh.tdf
    Info (12023): Found entity 1: sign_div_unsign_enh File: /home/nimal/Documents/Working1/bt_parity_basic_debug/t4_maze_runner/db/sign_div_unsign_enh.tdf Line: 25
Info (12021): Found 1 design units, including 1 entities, in source file db/alt_u_div_gaf.tdf
    Info (12023): Found entity 1: alt_u_div_gaf File: /home/nimal/Documents/Working1/bt_parity_basic_debug/t4_maze_runner/db/alt_u_div_gaf.tdf Line: 27
Info (12021): Found 1 design units, including 1 entities, in source file db/add_sub_7pc.tdf
    Info (12023): Found entity 1: add_sub_7pc File: /home/nimal/Documents/Working1/bt_parity_basic_debug/t4_maze_runner/db/add_sub_7pc.tdf Line: 23
Info (12021): Found 1 design units, including 1 entities, in source file db/add_sub_8pc.tdf
    Info (12023): Found entity 1: add_sub_8pc File: /home/nimal/Documents/Working1/bt_parity_basic_debug/t4_maze_runner/db/add_sub_8pc.tdf Line: 23
Info (13000): Registers with preset signals will power-up high File: /home/nimal/Documents/Working1/bt_parity_basic_debug/t4_maze_runner/code/uart_tx.v Line: 6
Info (13003): DEV_CLRn pin will set, and not reset, register with preset signal due to NOT Gate Push-Back
Warning (13024): Output pins are stuck at VCC or GND
    Warning (13410): Pin "adc_din" is stuck at GND File: /home/nimal/Documents/Working1/bt_parity_basic_debug/t4_maze_runner/code/t4_maze_runner.v Line: 20
Info (286030): Timing-Driven Synthesis is running
Info (17049): 16 registers lost all their fanouts during netlist optimizations.
Info (144001): Generated suppressed messages file /home/nimal/Documents/Working1/bt_parity_basic_debug/t4_maze_runner/output_files/t4_maze_runner.map.smsg
Info (16010): Generating hard_block partition "hard_block:auto_generated_inst"
    Info (16011): Adding 0 node(s), including 0 DDIO, 0 PLL, 0 transceiver and 0 LCELL
Warning (21074): Design contains 2 input pin(s) that do not drive logic
    Warning (15610): No output dependent on input pin "ir_top" File: /home/nimal/Documents/Working1/bt_parity_basic_debug/t4_maze_runner/code/t4_maze_runner.v Line: 8
    Warning (15610): No output dependent on input pin "ir_bottom" File: /home/nimal/Documents/Working1/bt_parity_basic_debug/t4_maze_runner/code/t4_maze_runner.v Line: 8
Info (21057): Implemented 4988 device resources after synthesis - the final resource count might be different
    Info (21058): Implemented 12 input pins
    Info (21059): Implemented 20 output pins
    Info (21060): Implemented 1 bidirectional pins
    Info (21061): Implemented 4955 logic cells
Info: Quartus Prime Analysis & Synthesis was successful. 0 errors, 46 warnings
    Info: Peak virtual memory: 499 megabytes
    Info: Processing ended: Sun Feb  8 15:23:10 2026
    Info: Elapsed time: 00:00:12
    Info: Total CPU time (on all processors): 00:00:21
Info: *******************************************************************
Info: Running Quartus Prime Fitter
    Info: Version 20.1.0 Build 711 06/05/2020 SJ Lite Edition
    Info: Processing started: Sun Feb  8 15:23:11 2026
Info: Command: quartus_fit --read_settings_files=off --write_settings_files=off t4_maze_runner -c t4_maze_runner
Info: qfit2_default_script.tcl version: #1
Info: Project  = t4_maze_runner
Info: Revision = t4_maze_runner
Warning (18236): Number of processors has not been specified which may cause overloading on shared machines.  Set the global assignment NUM_PARALLEL_PROCESSORS in your QSF to an appropriate value for best performance.
Info (20030): Parallel compilation is enabled and will use 8 of the 8 processors detected
Info (119006): Selected device EP4CE22F17C6 for design "t4_maze_runner"
Info (21077): Low junction temperature is 0 degrees C
Info (21077): High junction temperature is 85 degrees C
Info (171003): Fitter is performing an Auto Fit compilation, which may decrease Fitter effort to reduce compilation time
Warning (292013): Feature LogicLock is only available with a valid subscription license. You can purchase a software subscription to gain full access to this feature.
Info (176444): Device migration not selected. If you intend to use device migration later, you may need to change the pin assignments as they may be incompatible with other devices
    Info (176445): Device EP4CE10F17C6 is compatible
    Info (176445): Device EP4CE6F17C6 is compatible
    Info (176445): Device EP4CE15F17C6 is compatible
Info (169124): Fitter converted 5 user pins into dedicated programming pins
    Info (169125): Pin ~ALTERA_ASDO_DATA1~ is reserved at location C1
    Info (169125): Pin ~ALTERA_FLASH_nCE_nCSO~ is reserved at location D2
    Info (169125): Pin ~ALTERA_DCLK~ is reserved at location H1
    Info (169125): Pin ~ALTERA_DATA0~ is reserved at location H2
    Info (169125): Pin ~ALTERA_nCEO~ is reserved at location F16
Warning (15714): Some pins have incomplete I/O assignments. Refer to the I/O Assignment Warnings report for details
Critical Warning (332012): Synopsys Design Constraints File file not found: 't4_maze_runner.sdc'. A Synopsys Design Constraints File is required by the Timing Analyzer to get proper timing constraints. Without it, the Compiler will not properly optimize the design.
Info (332144): No user constrained base clocks found in the design
Info (332143): No user constrained clock uncertainty found in the design. Calling "derive_clock_uncertainty"
Info (332123): Deriving Clock Uncertainty. Please refer to report_sdc in the Timing Analyzer to see clock uncertainties.
Info (332130): Timing requirements not specified -- quality metrics such as performance may be sacrificed to reduce compilation time.
Info (176353): Automatically promoted node clk_50M~input (placed in PIN R8 (CLK15, DIFFCLK_6p)) File: /home/nimal/Documents/Working1/bt_parity_basic_debug/t4_maze_runner/code/t4_maze_runner.v Line: 2
    Info (176355): Automatically promoted destinations to use location or clock signal Global Clock CLKCTRL_G18
Info (176353): Automatically promoted node frequency_scaling:uart_clk_gen|clk_1x  File: /home/nimal/Documents/Working1/bt_parity_basic_debug/t4_maze_runner/code/frequency_scaling.v Line: 6
    Info (176355): Automatically promoted destinations to use location or clock signal Global Clock
    Info (176356): Following destination nodes may be non-global or may not use global or regional clocks
        Info (176357): Destination node frequency_scaling:uart_clk_gen|clk_1x~0 File: /home/nimal/Documents/Working1/bt_parity_basic_debug/t4_maze_runner/code/frequency_scaling.v Line: 6
        Info (176357): Destination node adc_sck~output File: /home/nimal/Documents/Working1/bt_parity_basic_debug/t4_maze_runner/code/t4_maze_runner.v Line: 20
Info (176353): Automatically promoted node motor_driver:l298n|frequency_scaling:f12K|clk_1x  File: /home/nimal/Documents/Working1/bt_parity_basic_debug/t4_maze_runner/code/frequency_scaling.v Line: 6
    Info (176355): Automatically promoted destinations to use location or clock signal Global Clock
    Info (176356): Following destination nodes may be non-global or may not use global or regional clocks
        Info (176357): Destination node motor_driver:l298n|frequency_scaling:f12K|clk_1x~0 File: /home/nimal/Documents/Working1/bt_parity_basic_debug/t4_maze_runner/code/frequency_scaling.v Line: 6
Info (176353): Automatically promoted node motor_driver:l298n|frequency_scaling:f195K|clk_1x  File: /home/nimal/Documents/Working1/bt_parity_basic_debug/t4_maze_runner/code/frequency_scaling.v Line: 6
    Info (176355): Automatically promoted destinations to use location or clock signal Global Clock
    Info (176356): Following destination nodes may be non-global or may not use global or regional clocks
        Info (176357): Destination node motor_driver:l298n|frequency_scaling:f195K|clk_1x~0 File: /home/nimal/Documents/Working1/bt_parity_basic_debug/t4_maze_runner/code/frequency_scaling.v Line: 6
Info (176353): Automatically promoted node motor_driver:l298n|frequency_scaling:f3125K|clk_1x  File: /home/nimal/Documents/Working1/bt_parity_basic_debug/t4_maze_runner/code/frequency_scaling.v Line: 6
    Info (176355): Automatically promoted destinations to use location or clock signal Global Clock
    Info (176356): Following destination nodes may be non-global or may not use global or regional clocks
        Info (176357): Destination node motor_driver:l298n|frequency_scaling:f3125K|clk_1x~0 File: /home/nimal/Documents/Working1/bt_parity_basic_debug/t4_maze_runner/code/frequency_scaling.v Line: 6
Info (176353): Automatically promoted node rst_n  File: /home/nimal/Documents/Working1/bt_parity_basic_debug/t4_maze_runner/code/t4_maze_runner.v Line: 167
    Info (176355): Automatically promoted destinations to use location or clock signal Global Clock
    Info (176356): Following destination nodes may be non-global or may not use global or regional clocks
        Info (176357): Destination node motor_driver:l298n|lin1 File: /home/nimal/Documents/Working1/bt_parity_basic_debug/t4_maze_runner/code/motor_driver.v Line: 8
        Info (176357): Destination node motor_driver:l298n|lin2 File: /home/nimal/Documents/Working1/bt_parity_basic_debug/t4_maze_runner/code/motor_driver.v Line: 8
        Info (176357): Destination node motor_driver:l298n|rin1 File: /home/nimal/Documents/Working1/bt_parity_basic_debug/t4_maze_runner/code/motor_driver.v Line: 8
        Info (176357): Destination node motor_driver:l298n|rin2 File: /home/nimal/Documents/Working1/bt_parity_basic_debug/t4_maze_runner/code/motor_driver.v Line: 8
        Info (176357): Destination node motor_driver:l298n|sys_state.STATE_DRIVE File: /home/nimal/Documents/Working1/bt_parity_basic_debug/t4_maze_runner/code/motor_driver.v Line: 124
        Info (176357): Destination node motor_driver:l298n|stop_done_reg File: /home/nimal/Documents/Working1/bt_parity_basic_debug/t4_maze_runner/code/motor_driver.v Line: 178
        Info (176357): Destination node motor_driver:l298n|proceed_latch File: /home/nimal/Documents/Working1/bt_parity_basic_debug/t4_maze_runner/code/motor_driver.v Line: 164
        Info (176357): Destination node motor_driver:l298n|first_move_gate File: /home/nimal/Documents/Working1/bt_parity_basic_debug/t4_maze_runner/code/motor_driver.v Line: 222
        Info (176357): Destination node motor_driver:l298n|count_left[31] File: /home/nimal/Documents/Working1/bt_parity_basic_debug/t4_maze_runner/code/motor_driver.v Line: 92
        Info (176357): Destination node motor_driver:l298n|count_left[30] File: /home/nimal/Documents/Working1/bt_parity_basic_debug/t4_maze_runner/code/motor_driver.v Line: 92
        Info (176358): Non-global destination nodes limited to 10 nodes
Info (176353): Automatically promoted node por_n  File: /home/nimal/Documents/Working1/bt_parity_basic_debug/t4_maze_runner/code/t4_maze_runner.v Line: 28
    Info (176355): Automatically promoted destinations to use location or clock signal Global Clock
    Info (176356): Following destination nodes may be non-global or may not use global or regional clocks
        Info (176357): Destination node bit_parity_sensor:u_bps|servo_control:u_servo_inst|servo_pwm File: /home/nimal/Documents/Working1/bt_parity_basic_debug/t4_maze_runner/code/servo_control.v Line: 6
        Info (176357): Destination node rst_n File: /home/nimal/Documents/Working1/bt_parity_basic_debug/t4_maze_runner/code/t4_maze_runner.v Line: 167
        Info (176357): Destination node bt_debug:u_bt_debug|tx_data[0] File: /home/nimal/Documents/Working1/bt_parity_basic_debug/t4_maze_runner/code/bt_debug.v Line: 95
        Info (176357): Destination node bt_debug:u_bt_debug|tx_data[7] File: /home/nimal/Documents/Working1/bt_parity_basic_debug/t4_maze_runner/code/bt_debug.v Line: 95
        Info (176357): Destination node bt_debug:u_bt_debug|tx_data[5] File: /home/nimal/Documents/Working1/bt_parity_basic_debug/t4_maze_runner/code/bt_debug.v Line: 95
        Info (176357): Destination node bt_debug:u_bt_debug|tx_data[4] File: /home/nimal/Documents/Working1/bt_parity_basic_debug/t4_maze_runner/code/bt_debug.v Line: 95
        Info (176357): Destination node bt_debug:u_bt_debug|tx_data[6] File: /home/nimal/Documents/Working1/bt_parity_basic_debug/t4_maze_runner/code/bt_debug.v Line: 95
        Info (176357): Destination node bt_debug:u_bt_debug|tx_data[3] File: /home/nimal/Documents/Working1/bt_parity_basic_debug/t4_maze_runner/code/bt_debug.v Line: 95
        Info (176357): Destination node motor_driver:l298n|prev_move~2 File: /home/nimal/Documents/Working1/bt_parity_basic_debug/t4_maze_runner/code/motor_driver.v Line: 160
        Info (176357): Destination node motor_driver:l298n|prev_move~3 File: /home/nimal/Documents/Working1/bt_parity_basic_debug/t4_maze_runner/code/motor_driver.v Line: 160
        Info (176358): Non-global destination nodes limited to 10 nodes
Info (176233): Starting register packing
Info (176235): Finished register packing
    Extra Info (176219): No registers were packed into other blocks
Info (171121): Fitter preparation operations ending: elapsed time is 00:00:02
Info (14896): Fitter has disabled Advanced Physical Optimization because it is not supported for the current family.
Info (170189): Fitter placement preparation operations beginning
Info (170190): Fitter placement preparation operations ending: elapsed time is 00:00:01
Info (170191): Fitter placement operations beginning
Info (170137): Fitter placement was successful
Info (170192): Fitter placement operations ending: elapsed time is 00:00:05
Info (170193): Fitter routing operations beginning
Info (170195): Router estimated average interconnect usage is 3% of the available device resources
    Info (170196): Router estimated peak interconnect usage is 12% of the available device resources in the region that extends from location X21_Y11 to location X31_Y22
Info (170199): The Fitter performed an Auto Fit compilation.  Optimizations were skipped to reduce compilation time.
    Info (170201): Optimizations that may affect the design's routability were skipped
Info (170194): Fitter routing operations ending: elapsed time is 00:00:04
Info (11888): Total time spent on timing analysis during the Fitter is 2.15 seconds.
Info (334003): Started post-fitting delay annotation
Info (334004): Delay annotation completed successfully
Info (334003): Started post-fitting delay annotation
Info (334004): Delay annotation completed successfully
Info (11218): Fitter post-fit operations ending: elapsed time is 00:00:01
Info (144001): Generated suppressed messages file /home/nimal/Documents/Working1/bt_parity_basic_debug/t4_maze_runner/output_files/t4_maze_runner.fit.smsg
Info: Quartus Prime Fitter was successful. 0 errors, 4 warnings
    Info: Peak virtual memory: 1343 megabytes
    Info: Processing ended: Sun Feb  8 15:23:28 2026
    Info: Elapsed time: 00:00:17
    Info: Total CPU time (on all processors): 00:00:36
Info: *******************************************************************
Info: Running Quartus Prime Assembler
    Info: Version 20.1.0 Build 711 06/05/2020 SJ Lite Edition
    Info: Processing started: Sun Feb  8 15:23:29 2026
Info: Command: quartus_asm --read_settings_files=off --write_settings_files=off t4_maze_runner -c t4_maze_runner
Warning (18236): Number of processors has not been specified which may cause overloading on shared machines.  Set the global assignment NUM_PARALLEL_PROCESSORS in your QSF to an appropriate value for best performance.
Info (115031): Writing out detailed assembly data for power analysis
Info (115030): Assembler is generating device programming files
Info: Quartus Prime Assembler was successful. 0 errors, 1 warning
    Info: Peak virtual memory: 359 megabytes
    Info: Processing ended: Sun Feb  8 15:23:29 2026
    Info: Elapsed time: 00:00:00
    Info: Total CPU time (on all processors): 00:00:01
Info (293026): Skipped module Power Analyzer due to the assignment FLOW_ENABLE_POWER_ANALYZER
Info: *******************************************************************
Info: Running Quartus Prime Timing Analyzer
    Info: Version 20.1.0 Build 711 06/05/2020 SJ Lite Edition
    Info: Processing started: Sun Feb  8 15:23:30 2026
Info: Command: quartus_sta t4_maze_runner -c t4_maze_runner
Info: qsta_default_script.tcl version: #1
Warning (18236): Number of processors has not been specified which may cause overloading on shared machines.  Set the global assignment NUM_PARALLEL_PROCESSORS in your QSF to an appropriate value for best performance.
Info (20030): Parallel compilation is enabled and will use 8 of the 8 processors detected
Info (21077): Low junction temperature is 0 degrees C
Info (21077): High junction temperature is 85 degrees C
Critical Warning (332012): Synopsys Design Constraints File file not found: 't4_maze_runner.sdc'. A Synopsys Design Constraints File is required by the Timing Analyzer to get proper timing constraints. Without it, the Compiler will not properly optimize the design.
Info (332142): No user constrained base clocks found in the design. Calling "derive_clocks -period 1.0"
Info (332105): Deriving Clocks
    Info (332105): create_clock -period 1.000 -name clk_50M clk_50M
    Info (332105): create_clock -period 1.000 -name frequency_scaling:uart_clk_gen|clk_1x frequency_scaling:uart_clk_gen|clk_1x
    Info (332105): create_clock -period 1.000 -name motor_driver:l298n|frequency_scaling:f12K|clk_1x motor_driver:l298n|frequency_scaling:f12K|clk_1x
    Info (332105): create_clock -period 1.000 -name motor_driver:l298n|frequency_scaling:f195K|clk_1x motor_driver:l298n|frequency_scaling:f195K|clk_1x
    Info (332105): create_clock -period 1.000 -name motor_driver:l298n|frequency_scaling:f3125K|clk_1x motor_driver:l298n|frequency_scaling:f3125K|clk_1x
Info (332143): No user constrained clock uncertainty found in the design. Calling "derive_clock_uncertainty"
Info (332123): Deriving Clock Uncertainty. Please refer to report_sdc in the Timing Analyzer to see clock uncertainties.
Info: Found TIMING_ANALYZER_REPORT_SCRIPT_INCLUDE_DEFAULT_ANALYSIS = ON
Info: Analyzing Slow 1200mV 85C Model
Critical Warning (332148): Timing requirements not met
    Info (11105): For recommendations on closing timing, run Report Timing Closure Recommendations in the Timing Analyzer.
Info (332146): Worst-case setup slack is -45.866
    Info (332119):     Slack       End Point TNS Clock 
    Info (332119): ========= =================== =====================
    Info (332119):   -45.866           -4747.727 clk_50M 
    Info (332119):    -4.433           -1085.039 frequency_scaling:uart_clk_gen|clk_1x 
    Info (332119):    -2.287              -9.348 motor_driver:l298n|frequency_scaling:f12K|clk_1x 
    Info (332119):    -1.012              -1.160 motor_driver:l298n|frequency_scaling:f195K|clk_1x 
    Info (332119):    -1.012              -1.021 motor_driver:l298n|frequency_scaling:f3125K|clk_1x 
Info (332146): Worst-case hold slack is 0.342
    Info (332119):     Slack       End Point TNS Clock 
    Info (332119): ========= =================== =====================
    Info (332119):     0.342               0.000 frequency_scaling:uart_clk_gen|clk_1x 
    Info (332119):     0.343               0.000 clk_50M 
    Info (332119):     0.358               0.000 motor_driver:l298n|frequency_scaling:f3125K|clk_1x 
    Info (332119):     0.359               0.000 motor_driver:l298n|frequency_scaling:f195K|clk_1x 
    Info (332119):     0.361               0.000 motor_driver:l298n|frequency_scaling:f12K|clk_1x 
Info (332146): Worst-case recovery slack is -2.583
    Info (332119):     Slack       End Point TNS Clock 
    Info (332119): ========= =================== =====================
    Info (332119):    -2.583            -564.868 clk_50M 
    Info (332119):    -2.323              -9.292 motor_driver:l298n|frequency_scaling:f195K|clk_1x 
    Info (332119):    -2.207              -8.828 motor_driver:l298n|frequency_scaling:f3125K|clk_1x 
    Info (332119):    -1.621            -142.164 frequency_scaling:uart_clk_gen|clk_1x 
Info (332146): Worst-case removal slack is 1.222
    Info (332119):     Slack       End Point TNS Clock 
    Info (332119): ========= =================== =====================
    Info (332119):     1.222               0.000 frequency_scaling:uart_clk_gen|clk_1x 
    Info (332119):     2.008               0.000 clk_50M 
    Info (332119):     2.547               0.000 motor_driver:l298n|frequency_scaling:f3125K|clk_1x 
    Info (332119):     2.669               0.000 motor_driver:l298n|frequency_scaling:f195K|clk_1x 
Info (332146): Worst-case minimum pulse width slack is -3.000
    Info (332119):     Slack       End Point TNS Clock 
    Info (332119): ========= =================== =====================
    Info (332119):    -3.000            -824.000 clk_50M 
    Info (332119):    -1.000            -420.000 frequency_scaling:uart_clk_gen|clk_1x 
    Info (332119):    -1.000             -10.000 motor_driver:l298n|frequency_scaling:f12K|clk_1x 
    Info (332119):    -1.000              -4.000 motor_driver:l298n|frequency_scaling:f195K|clk_1x 
    Info (332119):    -1.000              -4.000 motor_driver:l298n|frequency_scaling:f3125K|clk_1x 
Info (332114): Report Metastability: Found 8 synchronizer chains.
    Info (332114): Design MTBF is not calculated because the design doesn't meet its timing requirements.
Info: Analyzing Slow 1200mV 0C Model
Info (334003): Started post-fitting delay annotation
Info (334004): Delay annotation completed successfully
Info (332123): Deriving Clock Uncertainty. Please refer to report_sdc in the Timing Analyzer to see clock uncertainties.
Critical Warning (332148): Timing requirements not met
    Info (11105): For recommendations on closing timing, run Report Timing Closure Recommendations in the Timing Analyzer.
Info (332146): Worst-case setup slack is -40.841
    Info (332119):     Slack       End Point TNS Clock 
    Info (332119): ========= =================== =====================
    Info (332119):   -40.841           -4185.653 clk_50M 
    Info (332119):    -3.862            -931.537 frequency_scaling:uart_clk_gen|clk_1x 
    Info (332119):    -1.944              -7.390 motor_driver:l298n|frequency_scaling:f12K|clk_1x 
    Info (332119):    -0.783              -0.803 motor_driver:l298n|frequency_scaling:f195K|clk_1x 
    Info (332119):    -0.779              -0.779 motor_driver:l298n|frequency_scaling:f3125K|clk_1x 
Info (332146): Worst-case hold slack is 0.297
    Info (332119):     Slack       End Point TNS Clock 
    Info (332119): ========= =================== =====================
    Info (332119):     0.297               0.000 frequency_scaling:uart_clk_gen|clk_1x 
    Info (332119):     0.298               0.000 clk_50M 
    Info (332119):     0.311               0.000 motor_driver:l298n|frequency_scaling:f3125K|clk_1x 
    Info (332119):     0.312               0.000 motor_driver:l298n|frequency_scaling:f195K|clk_1x 
    Info (332119):     0.320               0.000 motor_driver:l298n|frequency_scaling:f12K|clk_1x 
Info (332146): Worst-case recovery slack is -2.260
    Info (332119):     Slack       End Point TNS Clock 
    Info (332119): ========= =================== =====================
    Info (332119):    -2.260            -488.103 clk_50M 
    Info (332119):    -2.002              -8.008 motor_driver:l298n|frequency_scaling:f195K|clk_1x 
    Info (332119):    -1.887              -7.548 motor_driver:l298n|frequency_scaling:f3125K|clk_1x 
    Info (332119):    -1.428            -111.414 frequency_scaling:uart_clk_gen|clk_1x 
Info (332146): Worst-case removal slack is 1.091
    Info (332119):     Slack       End Point TNS Clock 
    Info (332119): ========= =================== =====================
    Info (332119):     1.091               0.000 frequency_scaling:uart_clk_gen|clk_1x 
    Info (332119):     1.793               0.000 clk_50M 
    Info (332119):     2.278               0.000 motor_driver:l298n|frequency_scaling:f3125K|clk_1x 
    Info (332119):     2.401               0.000 motor_driver:l298n|frequency_scaling:f195K|clk_1x 
Info (332146): Worst-case minimum pulse width slack is -3.000
    Info (332119):     Slack       End Point TNS Clock 
    Info (332119): ========= =================== =====================
    Info (332119):    -3.000            -824.000 clk_50M 
    Info (332119):    -1.000            -420.000 frequency_scaling:uart_clk_gen|clk_1x 
    Info (332119):    -1.000             -10.000 motor_driver:l298n|frequency_scaling:f12K|clk_1x 
    Info (332119):    -1.000              -4.000 motor_driver:l298n|frequency_scaling:f195K|clk_1x 
    Info (332119):    -1.000              -4.000 motor_driver:l298n|frequency_scaling:f3125K|clk_1x 
Info (332114): Report Metastability: Found 8 synchronizer chains.
    Info (332114): Design MTBF is not calculated because the design doesn't meet its timing requirements.
Info: Analyzing Fast 1200mV 0C Model
Info (332123): Deriving Clock Uncertainty. Please refer to report_sdc in the Timing Analyzer to see clock uncertainties.
Critical Warning (332148): Timing requirements not met
    Info (11105): For recommendations on closing timing, run Report Timing Closure Recommendations in the Timing Analyzer.
Info (332146): Worst-case setup slack is -25.640
    Info (332119):     Slack       End Point TNS Clock 
    Info (332119): ========= =================== =====================
    Info (332119):   -25.640           -2449.928 clk_50M 
    Info (332119):    -2.088            -444.767 frequency_scaling:uart_clk_gen|clk_1x 
    Info (332119):    -0.827              -1.648 motor_driver:l298n|frequency_scaling:f12K|clk_1x 
    Info (332119):    -0.398              -0.398 motor_driver:l298n|frequency_scaling:f195K|clk_1x 
    Info (332119):    -0.229              -0.229 motor_driver:l298n|frequency_scaling:f3125K|clk_1x 
Info (332146): Worst-case hold slack is 0.139
    Info (332119):     Slack       End Point TNS Clock 
    Info (332119): ========= =================== =====================
    Info (332119):     0.139               0.000 frequency_scaling:uart_clk_gen|clk_1x 
    Info (332119):     0.156               0.000 clk_50M 
    Info (332119):     0.173               0.000 motor_driver:l298n|frequency_scaling:f3125K|clk_1x 
    Info (332119):     0.188               0.000 motor_driver:l298n|frequency_scaling:f195K|clk_1x 
    Info (332119):     0.195               0.000 motor_driver:l298n|frequency_scaling:f12K|clk_1x 
Info (332146): Worst-case recovery slack is -0.978
    Info (332119):     Slack       End Point TNS Clock 
    Info (332119): ========= =================== =====================
    Info (332119):    -0.978            -199.681 clk_50M 
    Info (332119):    -0.868              -3.472 motor_driver:l298n|frequency_scaling:f195K|clk_1x 
    Info (332119):    -0.821              -3.284 motor_driver:l298n|frequency_scaling:f3125K|clk_1x 
    Info (332119):    -0.670             -28.007 frequency_scaling:uart_clk_gen|clk_1x 
Info (332146): Worst-case removal slack is 0.667
    Info (332119):     Slack       End Point TNS Clock 
    Info (332119): ========= =================== =====================
    Info (332119):     0.667               0.000 frequency_scaling:uart_clk_gen|clk_1x 
    Info (332119):     1.170               0.000 clk_50M 
    Info (332119):     1.448               0.000 motor_driver:l298n|frequency_scaling:f3125K|clk_1x 
    Info (332119):     1.500               0.000 motor_driver:l298n|frequency_scaling:f195K|clk_1x 
Info (332146): Worst-case minimum pulse width slack is -3.000
    Info (332119):     Slack       End Point TNS Clock 
    Info (332119): ========= =================== =====================
    Info (332119):    -3.000            -883.110 clk_50M 
    Info (332119):    -1.000            -420.000 frequency_scaling:uart_clk_gen|clk_1x 
    Info (332119):    -1.000             -10.000 motor_driver:l298n|frequency_scaling:f12K|clk_1x 
    Info (332119):    -1.000              -4.000 motor_driver:l298n|frequency_scaling:f195K|clk_1x 
    Info (332119):    -1.000              -4.000 motor_driver:l298n|frequency_scaling:f3125K|clk_1x 
Info (332114): Report Metastability: Found 8 synchronizer chains.
    Info (332114): Design MTBF is not calculated because the design doesn't meet its timing requirements.
Info (332102): Design is not fully constrained for setup requirements
Info (332102): Design is not fully constrained for hold requirements
Info: Quartus Prime Timing Analyzer was successful. 0 errors, 5 warnings
    Info: Peak virtual memory: 572 megabytes
    Info: Processing ended: Sun Feb  8 15:23:33 2026
    Info: Elapsed time: 00:00:03
    Info: Total CPU time (on all processors): 00:00:03
Info: *******************************************************************
Info: Running Quartus Prime EDA Netlist Writer
    Info: Version 20.1.0 Build 711 06/05/2020 SJ Lite Edition
    Info: Processing started: Sun Feb  8 15:23:34 2026
Info: Command: quartus_eda --read_settings_files=off --write_settings_files=off t4_maze_runner -c t4_maze_runner
Warning (18236): Number of processors has not been specified which may cause overloading on shared machines.  Set the global assignment NUM_PARALLEL_PROCESSORS in your QSF to an appropriate value for best performance.
Info (204019): Generated file t4_maze_runner.vo in folder "/home/nimal/Documents/Working1/bt_parity_basic_debug/t4_maze_runner/simulation/modelsim/" for EDA simulation tool
Info: Quartus Prime EDA Netlist Writer was successful. 0 errors, 1 warning
    Info: Peak virtual memory: 611 megabytes
    Info: Processing ended: Sun Feb  8 15:23:35 2026
    Info: Elapsed time: 00:00:01
    Info: Total CPU time (on all processors): 00:00:01
Info (293000): Quartus Prime Full Compilation was successful. 0 errors, 57 warnings
Info (23030): Evaluation of Tcl script /home/nimal/intelFPGA_lite/20.1/quartus/common/tcl/internal/qsh_flow.tcl was successful
Info: Quartus Prime Shell was successful. 0 errors, 57 warnings
    Info: Peak virtual memory: 498 megabytes
    Info: Processing ended: Sun Feb  8 15:23:35 2026
    Info: Elapsed time: 00:00:38
    Info: Total CPU time (on all processors): 00:01:04
[2/4] Generating JIC File...
Info: *******************************************************************
Info: Running Quartus Prime Convert_programming_file
    Info: Version 20.1.0 Build 711 06/05/2020 SJ Lite Edition
    Info: Copyright (C) 2020  Intel Corporation. All rights reserved.
    Info: Your use of Intel Corporation's design tools, logic functions 
    Info: and other software and tools, and any partner logic 
    Info: functions, and any output files from any of the foregoing 
    Info: (including device programming or simulation files), and any 
    Info: associated documentation or information are expressly subject 
    Info: to the terms and conditions of the Intel Program License 
    Info: Subscription Agreement, the Intel Quartus Prime License Agreement,
    Info: the Intel FPGA IP License Agreement, or other applicable license
    Info: agreement, including, without limitation, that your use is for
    Info: the sole purpose of programming logic devices manufactured by
    Info: Intel and sold by Intel or its authorized distributors.  Please
    Info: refer to the applicable agreement for further details, at
    Info: https://fpgasoftware.intel.com/eula.
    Info: Processing started: Sun Feb  8 15:23:35 2026
Info: Command: quartus_cpf -c -d EPCS64 -s EP4CE22 output_files/t4_maze_runner.sof output_files/output_file.jic
Info: Quartus Prime Convert_programming_file was successful. 0 errors, 0 warnings
    Info: Peak virtual memory: 307 megabytes
    Info: Processing ended: Sun Feb  8 15:23:37 2026
    Info: Elapsed time: 00:00:02
    Info: Total CPU time (on all processors): 00:00:01
[3/4] Generating Programming Helper (CDF)...
[4/4] Programming EPCS (Non-volatile JIC)...
Error (213013): Programming hardware cable not detected
Error: Programming failed.
